2018-01-12 19:49 root         INFO    
imgs shape = (120, 400, 608, 3)
2018-01-12 19:49 root         INFO    
truth_imgs shape = (120, 400, 608, 1)
2018-01-12 19:49 tensorflow   INFO    
Restoring parameters from data\wound_model\fcn-5
2018-01-12 19:49 root         INFO    
restoring model is completed
2018-01-12 19:49 root         INFO    
training wounds has total_batch = 60
2018-01-12 19:49 root         INFO    
loss val in batch 0 in training_data 0 in epoch 0 = 0.076070
2018-01-12 19:49 root         INFO    
accuracy in batch 0 in training_data 0 in epoch 0 = 0.076070
2018-01-12 19:49 root         INFO    
loss val in batch 1 in training_data 0 in epoch 0 = 0.074497
2018-01-12 19:49 root         INFO    
loss val in batch 2 in training_data 0 in epoch 0 = 0.052063
2018-01-12 19:49 root         INFO    
accuracy in batch 2 in training_data 0 in epoch 0 = 0.064067
2018-01-12 19:49 root         INFO    
loss val in batch 3 in training_data 0 in epoch 0 = 0.052055
2018-01-12 19:49 root         INFO    
loss val in batch 4 in training_data 0 in epoch 0 = 0.162436
2018-01-12 19:49 root         INFO    
accuracy in batch 4 in training_data 0 in epoch 0 = 0.096856
2018-01-12 19:49 root         INFO    
loss val in batch 5 in training_data 0 in epoch 0 = 0.162394
2018-01-12 19:49 root         INFO    
loss val in batch 6 in training_data 0 in epoch 0 = 0.127915
2018-01-12 19:49 root         INFO    
accuracy in batch 6 in training_data 0 in epoch 0 = 0.104621
2018-01-12 19:49 root         INFO    
loss val in batch 7 in training_data 0 in epoch 0 = 0.127914
2018-01-12 19:49 root         INFO    
loss val in batch 8 in training_data 0 in epoch 0 = 0.066804
2018-01-12 19:49 root         INFO    
accuracy in batch 8 in training_data 0 in epoch 0 = 0.097057
2018-01-12 19:49 root         INFO    
loss val in batch 9 in training_data 0 in epoch 0 = 0.066805
2018-01-12 19:49 root         INFO    
loss val in batch 10 in training_data 0 in epoch 0 = 0.126614
2018-01-12 19:49 root         INFO    
accuracy in batch 10 in training_data 0 in epoch 0 = 0.101983
2018-01-12 19:49 root         INFO    
loss val in batch 11 in training_data 0 in epoch 0 = 0.126609
2018-01-12 19:50 root         INFO    
loss val in batch 12 in training_data 0 in epoch 0 = 0.148090
2018-01-12 19:50 root         INFO    
accuracy in batch 12 in training_data 0 in epoch 0 = 0.108570
2018-01-12 19:50 root         INFO    
loss val in batch 13 in training_data 0 in epoch 0 = 0.148045
2018-01-12 19:50 root         INFO    
loss val in batch 14 in training_data 0 in epoch 0 = 0.045393
2018-01-12 19:50 root         INFO    
accuracy in batch 14 in training_data 0 in epoch 0 = 0.100673
2018-01-12 19:50 root         INFO    
loss val in batch 15 in training_data 0 in epoch 0 = 0.045389
2018-01-12 19:50 root         INFO    
loss val in batch 16 in training_data 0 in epoch 0 = 0.071161
2018-01-12 19:50 root         INFO    
accuracy in batch 16 in training_data 0 in epoch 0 = 0.097394
2018-01-12 19:50 root         INFO    
loss val in batch 17 in training_data 0 in epoch 0 = 0.071175
2018-01-12 19:50 root         INFO    
loss val in batch 18 in training_data 0 in epoch 0 = 0.078583
2018-01-12 19:50 root         INFO    
accuracy in batch 18 in training_data 0 in epoch 0 = 0.095513
2018-01-12 19:50 root         INFO    
loss val in batch 19 in training_data 0 in epoch 0 = 0.078258
2018-01-12 19:50 root         INFO    
loss val in batch 20 in training_data 0 in epoch 0 = 0.109863
2018-01-12 19:50 root         INFO    
accuracy in batch 20 in training_data 0 in epoch 0 = 0.096817
2018-01-12 19:50 root         INFO    
loss val in batch 21 in training_data 0 in epoch 0 = 0.111535
2018-01-12 19:50 root         INFO    
loss val in batch 22 in training_data 0 in epoch 0 = 0.107196
2018-01-12 19:50 root         INFO    
accuracy in batch 22 in training_data 0 in epoch 0 = 0.097682
2018-01-12 19:50 root         INFO    
loss val in batch 23 in training_data 0 in epoch 0 = 0.107310
2018-01-12 19:50 root         INFO    
loss val in batch 24 in training_data 0 in epoch 0 = 0.096513
2018-01-12 19:50 root         INFO    
accuracy in batch 24 in training_data 0 in epoch 0 = 0.097592
2018-01-12 19:50 root         INFO    
loss val in batch 25 in training_data 0 in epoch 0 = 0.096492
2018-01-12 19:50 root         INFO    
loss val in batch 26 in training_data 0 in epoch 0 = 0.124352
2018-01-12 19:50 root         INFO    
accuracy in batch 26 in training_data 0 in epoch 0 = 0.099504
2018-01-12 19:50 root         INFO    
loss val in batch 27 in training_data 0 in epoch 0 = 0.132728
2018-01-12 19:50 root         INFO    
loss val in batch 28 in training_data 0 in epoch 0 = 0.106841
2018-01-12 19:50 root         INFO    
accuracy in batch 28 in training_data 0 in epoch 0 = 0.099993
2018-01-12 19:50 root         INFO    
loss val in batch 29 in training_data 0 in epoch 0 = 0.106871
2018-01-12 19:50 root         INFO    
loss val in batch 30 in training_data 0 in epoch 0 = 0.165128
2018-01-12 19:50 root         INFO    
accuracy in batch 30 in training_data 0 in epoch 0 = 0.104064
2018-01-12 19:50 root         INFO    
loss val in batch 31 in training_data 0 in epoch 0 = 0.164357
2018-01-12 19:50 root         INFO    
loss val in batch 32 in training_data 0 in epoch 0 = 0.154812
2018-01-12 19:50 root         INFO    
accuracy in batch 32 in training_data 0 in epoch 0 = 0.107049
2018-01-12 19:51 root         INFO    
loss val in batch 33 in training_data 0 in epoch 0 = 0.159586
2018-01-12 19:51 root         INFO    
loss val in batch 34 in training_data 0 in epoch 0 = 0.063232
2018-01-12 19:51 root         INFO    
accuracy in batch 34 in training_data 0 in epoch 0 = 0.104615
2018-01-12 19:51 root         INFO    
loss val in batch 35 in training_data 0 in epoch 0 = 0.063251
2018-01-12 19:51 root         INFO    
loss val in batch 36 in training_data 0 in epoch 0 = 0.129416
2018-01-12 19:51 root         INFO    
accuracy in batch 36 in training_data 0 in epoch 0 = 0.105920
2018-01-12 19:51 root         INFO    
loss val in batch 37 in training_data 0 in epoch 0 = 0.129868
2018-01-12 19:51 root         INFO    
loss val in batch 38 in training_data 0 in epoch 0 = 0.129380
2018-01-12 19:51 root         INFO    
accuracy in batch 38 in training_data 0 in epoch 0 = 0.107093
2018-01-12 19:51 root         INFO    
loss val in batch 39 in training_data 0 in epoch 0 = 0.131379
2018-01-12 19:51 root         INFO    
loss val in batch 40 in training_data 0 in epoch 0 = 0.133346
2018-01-12 19:51 root         INFO    
accuracy in batch 40 in training_data 0 in epoch 0 = 0.108343
2018-01-12 19:51 root         INFO    
loss val in batch 41 in training_data 0 in epoch 0 = 0.137998
2018-01-12 19:51 root         INFO    
loss val in batch 42 in training_data 0 in epoch 0 = 0.120922
2018-01-12 19:51 root         INFO    
accuracy in batch 42 in training_data 0 in epoch 0 = 0.108915
2018-01-12 19:51 root         INFO    
loss val in batch 43 in training_data 0 in epoch 0 = 0.120945
2018-01-12 19:51 root         INFO    
loss val in batch 44 in training_data 0 in epoch 0 = 0.139356
2018-01-12 19:51 root         INFO    
accuracy in batch 44 in training_data 0 in epoch 0 = 0.110238
2018-01-12 19:51 root         INFO    
loss val in batch 45 in training_data 0 in epoch 0 = 0.140828
2018-01-12 19:51 root         INFO    
loss val in batch 46 in training_data 0 in epoch 0 = 0.098935
2018-01-12 19:51 root         INFO    
accuracy in batch 46 in training_data 0 in epoch 0 = 0.109767
2018-01-12 19:51 root         INFO    
loss val in batch 47 in training_data 0 in epoch 0 = 0.098993
2018-01-12 19:51 root         INFO    
loss val in batch 48 in training_data 0 in epoch 0 = 0.145410
2018-01-12 19:51 root         INFO    
accuracy in batch 48 in training_data 0 in epoch 0 = 0.111193
2018-01-12 19:51 root         INFO    
loss val in batch 49 in training_data 0 in epoch 0 = 0.143478
2018-01-12 19:51 root         INFO    
loss val in batch 50 in training_data 0 in epoch 0 = 0.040548
2018-01-12 19:51 root         INFO    
accuracy in batch 50 in training_data 0 in epoch 0 = 0.108476
2018-01-12 19:51 root         INFO    
loss val in batch 51 in training_data 0 in epoch 0 = 0.040541
2018-01-12 19:51 root         INFO    
loss val in batch 52 in training_data 0 in epoch 0 = 0.140505
2018-01-12 19:51 root         INFO    
accuracy in batch 52 in training_data 0 in epoch 0 = 0.109662
2018-01-12 19:51 root         INFO    
loss val in batch 53 in training_data 0 in epoch 0 = 0.133972
2018-01-12 19:51 root         INFO    
loss val in batch 54 in training_data 0 in epoch 0 = 0.119790
2018-01-12 19:51 root         INFO    
accuracy in batch 54 in training_data 0 in epoch 0 = 0.110024
2018-01-12 19:52 root         INFO    
loss val in batch 55 in training_data 0 in epoch 0 = 0.119807
2018-01-12 19:52 root         INFO    
loss val in batch 56 in training_data 0 in epoch 0 = 0.074401
2018-01-12 19:52 root         INFO    
accuracy in batch 56 in training_data 0 in epoch 0 = 0.108795
2018-01-12 19:52 root         INFO    
loss val in batch 57 in training_data 0 in epoch 0 = 0.074393
2018-01-12 19:52 root         INFO    
loss val in batch 58 in training_data 0 in epoch 0 = 0.095250
2018-01-12 19:52 root         INFO    
accuracy in batch 58 in training_data 0 in epoch 0 = 0.108344
2018-01-12 19:52 root         INFO    
loss val in batch 59 in training_data 0 in epoch 0 = 0.095269
2018-01-12 19:52 root         INFO    
save the model file fcn in data\wound_model
2018-01-12 19:52 root         INFO    
loss val in batch 0 in training_data 0 in epoch 1 = 0.076068
2018-01-12 19:52 root         INFO    
accuracy in batch 0 in training_data 0 in epoch 1 = 0.107303
2018-01-12 19:52 root         INFO    
loss val in batch 1 in training_data 0 in epoch 1 = 0.074572
2018-01-12 19:52 root         INFO    
loss val in batch 2 in training_data 0 in epoch 1 = 0.052059
2018-01-12 19:52 root         INFO    
accuracy in batch 2 in training_data 0 in epoch 1 = 0.105576
2018-01-12 19:52 root         INFO    
loss val in batch 3 in training_data 0 in epoch 1 = 0.052050
2018-01-12 19:52 root         INFO    
loss val in batch 4 in training_data 0 in epoch 1 = 0.162425
2018-01-12 19:52 root         INFO    
accuracy in batch 4 in training_data 0 in epoch 1 = 0.107299
2018-01-12 19:52 root         INFO    
loss val in batch 5 in training_data 0 in epoch 1 = 0.162386
2018-01-12 19:52 root         INFO    
loss val in batch 6 in training_data 0 in epoch 1 = 0.127910
2018-01-12 19:52 root         INFO    
accuracy in batch 6 in training_data 0 in epoch 1 = 0.107905
2018-01-12 19:52 root         INFO    
loss val in batch 7 in training_data 0 in epoch 1 = 0.127906
2018-01-12 19:52 root         INFO    
loss val in batch 8 in training_data 0 in epoch 1 = 0.066798
2018-01-12 19:52 root         INFO    
accuracy in batch 8 in training_data 0 in epoch 1 = 0.106731
2018-01-12 19:52 root         INFO    
loss val in batch 9 in training_data 0 in epoch 1 = 0.066792
2018-01-12 19:52 root         INFO    
loss val in batch 10 in training_data 0 in epoch 1 = 0.126609
2018-01-12 19:52 root         INFO    
accuracy in batch 10 in training_data 0 in epoch 1 = 0.107283
2018-01-12 19:52 root         INFO    
loss val in batch 11 in training_data 0 in epoch 1 = 0.126605
2018-01-12 19:52 root         INFO    
loss val in batch 12 in training_data 0 in epoch 1 = 0.148088
2018-01-12 19:52 root         INFO    
accuracy in batch 12 in training_data 0 in epoch 1 = 0.108386
2018-01-12 19:52 root         INFO    
loss val in batch 13 in training_data 0 in epoch 1 = 0.148043
2018-01-12 19:52 root         INFO    
loss val in batch 14 in training_data 0 in epoch 1 = 0.045383
2018-01-12 19:53 root         INFO    
accuracy in batch 14 in training_data 0 in epoch 1 = 0.106728
2018-01-12 19:53 root         INFO    
loss val in batch 15 in training_data 0 in epoch 1 = 0.045382
2018-01-12 19:53 root         INFO    
loss val in batch 16 in training_data 0 in epoch 1 = 0.071159
2018-01-12 19:53 root         INFO    
accuracy in batch 16 in training_data 0 in epoch 1 = 0.105816
2018-01-12 19:53 root         INFO    
loss val in batch 17 in training_data 0 in epoch 1 = 0.071168
2018-01-12 19:53 root         INFO    
loss val in batch 18 in training_data 0 in epoch 1 = 0.078583
2018-01-12 19:53 root         INFO    
accuracy in batch 18 in training_data 0 in epoch 1 = 0.105135
2018-01-12 19:53 root         INFO    
loss val in batch 19 in training_data 0 in epoch 1 = 0.078254
2018-01-12 19:53 root         INFO    
loss val in batch 20 in training_data 0 in epoch 1 = 0.109862
2018-01-12 19:53 root         INFO    
accuracy in batch 20 in training_data 0 in epoch 1 = 0.105250
2018-01-12 19:53 root         INFO    
loss val in batch 21 in training_data 0 in epoch 1 = 0.111534
2018-01-12 19:53 root         INFO    
loss val in batch 22 in training_data 0 in epoch 1 = 0.107191
2018-01-12 19:53 root         INFO    
accuracy in batch 22 in training_data 0 in epoch 1 = 0.105296
2018-01-12 19:53 root         INFO    
loss val in batch 23 in training_data 0 in epoch 1 = 0.107305
2018-01-12 19:53 root         INFO    
loss val in batch 24 in training_data 0 in epoch 1 = 0.096510
2018-01-12 19:53 root         INFO    
accuracy in batch 24 in training_data 0 in epoch 1 = 0.105092
2018-01-12 19:53 root         INFO    
loss val in batch 25 in training_data 0 in epoch 1 = 0.096492
2018-01-12 19:53 root         INFO    
loss val in batch 26 in training_data 0 in epoch 1 = 0.124351
2018-01-12 19:53 root         INFO    
accuracy in batch 26 in training_data 0 in epoch 1 = 0.105530
2018-01-12 19:53 root         INFO    
loss val in batch 27 in training_data 0 in epoch 1 = 0.132726
2018-01-12 19:53 root         INFO    
loss val in batch 28 in training_data 0 in epoch 1 = 0.106837
2018-01-12 19:53 root         INFO    
accuracy in batch 28 in training_data 0 in epoch 1 = 0.105559
2018-01-12 19:53 root         INFO    
loss val in batch 29 in training_data 0 in epoch 1 = 0.106868
2018-01-12 19:53 root         INFO    
loss val in batch 30 in training_data 0 in epoch 1 = 0.165122
2018-01-12 19:53 root         INFO    
accuracy in batch 30 in training_data 0 in epoch 1 = 0.106854
2018-01-12 19:53 root         INFO    
loss val in batch 31 in training_data 0 in epoch 1 = 0.164351
2018-01-12 19:53 root         INFO    
loss val in batch 32 in training_data 0 in epoch 1 = 0.154806
2018-01-12 19:53 root         INFO    
accuracy in batch 32 in training_data 0 in epoch 1 = 0.107874
2018-01-12 19:53 root         INFO    
loss val in batch 33 in training_data 0 in epoch 1 = 0.159581
2018-01-12 19:53 root         INFO    
loss val in batch 34 in training_data 0 in epoch 1 = 0.063230
2018-01-12 19:53 root         INFO    
accuracy in batch 34 in training_data 0 in epoch 1 = 0.106944
2018-01-12 19:53 root         INFO    
loss val in batch 35 in training_data 0 in epoch 1 = 0.063247
2018-01-12 19:54 root         INFO    
loss val in batch 36 in training_data 0 in epoch 1 = 0.129415
2018-01-12 19:54 root         INFO    
accuracy in batch 36 in training_data 0 in epoch 1 = 0.107402
2018-01-12 19:54 root         INFO    
loss val in batch 37 in training_data 0 in epoch 1 = 0.129867
2018-01-12 19:54 root         INFO    
loss val in batch 38 in training_data 0 in epoch 1 = 0.129375
2018-01-12 19:54 root         INFO    
accuracy in batch 38 in training_data 0 in epoch 1 = 0.107842
2018-01-12 19:54 root         INFO    
loss val in batch 39 in training_data 0 in epoch 1 = 0.131377
2018-01-12 19:54 root         INFO    
loss val in batch 40 in training_data 0 in epoch 1 = 0.133343
2018-01-12 19:54 root         INFO    
accuracy in batch 40 in training_data 0 in epoch 1 = 0.108342
2018-01-12 19:54 root         INFO    
loss val in batch 41 in training_data 0 in epoch 1 = 0.137994
2018-01-12 19:54 root         INFO    
loss val in batch 42 in training_data 0 in epoch 1 = 0.120920
2018-01-12 19:54 root         INFO    
accuracy in batch 42 in training_data 0 in epoch 1 = 0.108584
2018-01-12 19:54 root         INFO    
loss val in batch 43 in training_data 0 in epoch 1 = 0.120943
2018-01-12 19:54 root         INFO    
loss val in batch 44 in training_data 0 in epoch 1 = 0.139355
2018-01-12 19:54 root         INFO    
accuracy in batch 44 in training_data 0 in epoch 1 = 0.109164
2018-01-12 19:54 root         INFO    
loss val in batch 45 in training_data 0 in epoch 1 = 0.140827
2018-01-12 19:54 root         INFO    
loss val in batch 46 in training_data 0 in epoch 1 = 0.098933
2018-01-12 19:54 root         INFO    
accuracy in batch 46 in training_data 0 in epoch 1 = 0.108975
2018-01-12 19:54 root         INFO    
loss val in batch 47 in training_data 0 in epoch 1 = 0.098987
2018-01-12 19:54 root         INFO    
loss val in batch 48 in training_data 0 in epoch 1 = 0.145407
2018-01-12 19:54 root         INFO    
accuracy in batch 48 in training_data 0 in epoch 1 = 0.109637
2018-01-12 19:54 root         INFO    
loss val in batch 49 in training_data 0 in epoch 1 = 0.143475
2018-01-12 19:54 root         INFO    
loss val in batch 50 in training_data 0 in epoch 1 = 0.040545
2018-01-12 19:54 root         INFO    
accuracy in batch 50 in training_data 0 in epoch 1 = 0.108404
2018-01-12 19:54 root         INFO    
loss val in batch 51 in training_data 0 in epoch 1 = 0.040540
2018-01-12 19:54 root         INFO    
loss val in batch 52 in training_data 0 in epoch 1 = 0.140505
2018-01-12 19:54 root         INFO    
accuracy in batch 52 in training_data 0 in epoch 1 = 0.108967
2018-01-12 19:54 root         INFO    
loss val in batch 53 in training_data 0 in epoch 1 = 0.133970
2018-01-12 19:54 root         INFO    
loss val in batch 54 in training_data 0 in epoch 1 = 0.119787
2018-01-12 19:54 root         INFO    
accuracy in batch 54 in training_data 0 in epoch 1 = 0.109153
2018-01-12 19:54 root         INFO    
loss val in batch 55 in training_data 0 in epoch 1 = 0.119804
2018-01-12 19:54 root         INFO    
loss val in batch 56 in training_data 0 in epoch 1 = 0.074399
2018-01-12 19:54 root         INFO    
accuracy in batch 56 in training_data 0 in epoch 1 = 0.108564
2018-01-12 19:55 root         INFO    
loss val in batch 57 in training_data 0 in epoch 1 = 0.074391
2018-01-12 19:55 root         INFO    
loss val in batch 58 in training_data 0 in epoch 1 = 0.095247
2018-01-12 19:55 root         INFO    
accuracy in batch 58 in training_data 0 in epoch 1 = 0.108342
2018-01-12 19:55 root         INFO    
loss val in batch 59 in training_data 0 in epoch 1 = 0.095267
2018-01-12 19:55 root         INFO    
save the model file fcn in data\wound_model
2018-01-12 19:55 root         INFO    
loss val in batch 0 in training_data 0 in epoch 2 = 0.076067
2018-01-12 19:55 root         INFO    
accuracy in batch 0 in training_data 0 in epoch 2 = 0.107813
2018-01-12 19:55 root         INFO    
loss val in batch 1 in training_data 0 in epoch 2 = 0.074608
2018-01-12 19:55 root         INFO    
loss val in batch 2 in training_data 0 in epoch 2 = 0.052058
2018-01-12 19:55 root         INFO    
accuracy in batch 2 in training_data 0 in epoch 2 = 0.106914
2018-01-12 19:55 root         INFO    
loss val in batch 3 in training_data 0 in epoch 2 = 0.052049
2018-01-12 19:55 root         INFO    
loss val in batch 4 in training_data 0 in epoch 2 = 0.162423
2018-01-12 19:55 root         INFO    
accuracy in batch 4 in training_data 0 in epoch 2 = 0.107795
2018-01-12 19:55 root         INFO    
loss val in batch 5 in training_data 0 in epoch 2 = 0.162385
2018-01-12 19:55 root         INFO    
loss val in batch 6 in training_data 0 in epoch 2 = 0.127909
2018-01-12 19:55 root         INFO    
accuracy in batch 6 in training_data 0 in epoch 2 = 0.108109
2018-01-12 19:55 root         INFO    
loss val in batch 7 in training_data 0 in epoch 2 = 0.127904
2018-01-12 19:55 root         INFO    
loss val in batch 8 in training_data 0 in epoch 2 = 0.066796
2018-01-12 19:55 root         INFO    
accuracy in batch 8 in training_data 0 in epoch 2 = 0.107474
2018-01-12 19:55 root         INFO    
loss val in batch 9 in training_data 0 in epoch 2 = 0.066790
2018-01-12 19:55 root         INFO    
loss val in batch 10 in training_data 0 in epoch 2 = 0.126608
2018-01-12 19:55 root         INFO    
accuracy in batch 10 in training_data 0 in epoch 2 = 0.107764
2018-01-12 19:55 root         INFO    
loss val in batch 11 in training_data 0 in epoch 2 = 0.126604
2018-01-12 19:55 root         INFO    
loss val in batch 12 in training_data 0 in epoch 2 = 0.148087
2018-01-12 19:55 root         INFO    
accuracy in batch 12 in training_data 0 in epoch 2 = 0.108365
2018-01-12 19:55 root         INFO    
loss val in batch 13 in training_data 0 in epoch 2 = 0.148042
2018-01-12 19:55 root         INFO    
loss val in batch 14 in training_data 0 in epoch 2 = 0.045380
2018-01-12 19:55 root         INFO    
accuracy in batch 14 in training_data 0 in epoch 2 = 0.107439
2018-01-12 19:55 root         INFO    
loss val in batch 15 in training_data 0 in epoch 2 = 0.045380
2018-01-12 19:55 root         INFO    
loss val in batch 16 in training_data 0 in epoch 2 = 0.071158
2018-01-12 19:55 root         INFO    
accuracy in batch 16 in training_data 0 in epoch 2 = 0.106913
2018-01-12 19:56 root         INFO    
loss val in batch 17 in training_data 0 in epoch 2 = 0.071167
2018-01-12 19:56 root         INFO    
loss val in batch 18 in training_data 0 in epoch 2 = 0.078583
2018-01-12 19:56 root         INFO    
accuracy in batch 18 in training_data 0 in epoch 2 = 0.106509
2018-01-12 19:56 root         INFO    
loss val in batch 19 in training_data 0 in epoch 2 = 0.078253
2018-01-12 19:56 root         INFO    
loss val in batch 20 in training_data 0 in epoch 2 = 0.109861
2018-01-12 19:56 root         INFO    
accuracy in batch 20 in training_data 0 in epoch 2 = 0.106556
2018-01-12 19:56 root         INFO    
loss val in batch 21 in training_data 0 in epoch 2 = 0.111533
2018-01-12 19:56 root         INFO    
loss val in batch 22 in training_data 0 in epoch 2 = 0.107189
2018-01-12 19:56 root         INFO    
accuracy in batch 22 in training_data 0 in epoch 2 = 0.106565
2018-01-12 19:56 root         INFO    
loss val in batch 23 in training_data 0 in epoch 2 = 0.107304
2018-01-12 19:56 root         INFO    
loss val in batch 24 in training_data 0 in epoch 2 = 0.096509
2018-01-12 19:56 root         INFO    
accuracy in batch 24 in training_data 0 in epoch 2 = 0.106427
2018-01-12 19:56 root         INFO    
loss val in batch 25 in training_data 0 in epoch 2 = 0.096491
2018-01-12 19:56 root         INFO    
loss val in batch 26 in training_data 0 in epoch 2 = 0.124350
2018-01-12 19:56 root         INFO    
accuracy in batch 26 in training_data 0 in epoch 2 = 0.106669
2018-01-12 19:56 root         INFO    
loss val in batch 27 in training_data 0 in epoch 2 = 0.132725
2018-01-12 19:56 root         INFO    
loss val in batch 28 in training_data 0 in epoch 2 = 0.106836
2018-01-12 19:56 root         INFO    
accuracy in batch 28 in training_data 0 in epoch 2 = 0.106671
2018-01-12 19:56 root         INFO    
loss val in batch 29 in training_data 0 in epoch 2 = 0.106867
2018-01-12 19:56 root         INFO    
loss val in batch 30 in training_data 0 in epoch 2 = 0.165120
2018-01-12 19:56 root         INFO    
accuracy in batch 30 in training_data 0 in epoch 2 = 0.107440
2018-01-12 19:56 root         INFO    
loss val in batch 31 in training_data 0 in epoch 2 = 0.164349
2018-01-12 19:56 root         INFO    
loss val in batch 32 in training_data 0 in epoch 2 = 0.154804
2018-01-12 19:56 root         INFO    
accuracy in batch 32 in training_data 0 in epoch 2 = 0.108056
2018-01-12 19:56 root         INFO    
loss val in batch 33 in training_data 0 in epoch 2 = 0.159580
2018-01-12 19:56 root         INFO    
loss val in batch 34 in training_data 0 in epoch 2 = 0.063229
2018-01-12 19:56 root         INFO    
accuracy in batch 34 in training_data 0 in epoch 2 = 0.107481
2018-01-12 19:56 root         INFO    
loss val in batch 35 in training_data 0 in epoch 2 = 0.063246
2018-01-12 19:56 root         INFO    
loss val in batch 36 in training_data 0 in epoch 2 = 0.129415
2018-01-12 19:56 root         INFO    
accuracy in batch 36 in training_data 0 in epoch 2 = 0.107758
2018-01-12 19:56 root         INFO    
loss val in batch 37 in training_data 0 in epoch 2 = 0.129866
2018-01-12 19:56 root         INFO    
loss val in batch 38 in training_data 0 in epoch 2 = 0.129374
2018-01-12 19:56 root         INFO    
accuracy in batch 38 in training_data 0 in epoch 2 = 0.108029
2018-01-12 19:57 root         INFO    
loss val in batch 39 in training_data 0 in epoch 2 = 0.131377
2018-01-12 19:57 root         INFO    
loss val in batch 40 in training_data 0 in epoch 2 = 0.133341
2018-01-12 19:57 root         INFO    
accuracy in batch 40 in training_data 0 in epoch 2 = 0.108341
2018-01-12 19:57 root         INFO    
loss val in batch 41 in training_data 0 in epoch 2 = 0.137992
2018-01-12 19:57 root         INFO    
loss val in batch 42 in training_data 0 in epoch 2 = 0.120920
2018-01-12 19:57 root         INFO    
accuracy in batch 42 in training_data 0 in epoch 2 = 0.108495
2018-01-12 19:57 root         INFO    
loss val in batch 43 in training_data 0 in epoch 2 = 0.120942
2018-01-12 19:57 root         INFO    
loss val in batch 44 in training_data 0 in epoch 2 = 0.139354
2018-01-12 19:57 root         INFO    
accuracy in batch 44 in training_data 0 in epoch 2 = 0.108866
2018-01-12 19:57 root         INFO    
loss val in batch 45 in training_data 0 in epoch 2 = 0.140827
2018-01-12 19:57 root         INFO    
loss val in batch 46 in training_data 0 in epoch 2 = 0.098932
2018-01-12 19:57 root         INFO    
accuracy in batch 46 in training_data 0 in epoch 2 = 0.108748
2018-01-12 19:57 root         INFO    
loss val in batch 47 in training_data 0 in epoch 2 = 0.098984
2018-01-12 19:57 root         INFO    
loss val in batch 48 in training_data 0 in epoch 2 = 0.145406
2018-01-12 19:57 root         INFO    
accuracy in batch 48 in training_data 0 in epoch 2 = 0.109179
2018-01-12 19:57 root         INFO    
loss val in batch 49 in training_data 0 in epoch 2 = 0.143473
2018-01-12 19:57 root         INFO    
loss val in batch 50 in training_data 0 in epoch 2 = 0.040543
2018-01-12 19:57 root         INFO    
accuracy in batch 50 in training_data 0 in epoch 2 = 0.108381
2018-01-12 19:57 root         INFO    
loss val in batch 51 in training_data 0 in epoch 2 = 0.040539
2018-01-12 19:57 root         INFO    
loss val in batch 52 in training_data 0 in epoch 2 = 0.140504
2018-01-12 19:57 root         INFO    
accuracy in batch 52 in training_data 0 in epoch 2 = 0.108750
2018-01-12 19:57 root         INFO    
loss val in batch 53 in training_data 0 in epoch 2 = 0.133968
2018-01-12 19:57 root         INFO    
loss val in batch 54 in training_data 0 in epoch 2 = 0.119786
2018-01-12 19:57 root         INFO    
accuracy in batch 54 in training_data 0 in epoch 2 = 0.108876
2018-01-12 19:57 root         INFO    
loss val in batch 55 in training_data 0 in epoch 2 = 0.119803
2018-01-12 19:57 root         INFO    
loss val in batch 56 in training_data 0 in epoch 2 = 0.074398
2018-01-12 19:57 root         INFO    
accuracy in batch 56 in training_data 0 in epoch 2 = 0.108488
2018-01-12 19:57 root         INFO    
loss val in batch 57 in training_data 0 in epoch 2 = 0.074391
2018-01-12 19:57 root         INFO    
loss val in batch 58 in training_data 0 in epoch 2 = 0.095246
2018-01-12 19:57 root         INFO    
accuracy in batch 58 in training_data 0 in epoch 2 = 0.108341
2018-01-12 19:57 root         INFO    
loss val in batch 59 in training_data 0 in epoch 2 = 0.095266
2018-01-12 19:58 root         INFO    
save the model file fcn in data\wound_model
2018-01-12 19:58 root         INFO    
loss val in batch 0 in training_data 0 in epoch 3 = 0.076067
2018-01-12 19:58 root         INFO    
accuracy in batch 0 in training_data 0 in epoch 3 = 0.107987
2018-01-12 19:58 root         INFO    
loss val in batch 1 in training_data 0 in epoch 3 = 0.074636
2018-01-12 19:58 root         INFO    
loss val in batch 2 in training_data 0 in epoch 3 = 0.071396
2018-01-12 19:58 root         INFO    
accuracy in batch 2 in training_data 0 in epoch 3 = 0.107574
2018-01-12 19:58 root         INFO    
loss val in batch 3 in training_data 0 in epoch 3 = 0.075192
2018-01-12 19:58 root         INFO    
loss val in batch 4 in training_data 0 in epoch 3 = 0.163022
2018-01-12 19:58 root         INFO    
accuracy in batch 4 in training_data 0 in epoch 3 = 0.108164
2018-01-12 19:58 root         INFO    
loss val in batch 5 in training_data 0 in epoch 3 = 0.162987
2018-01-12 19:58 root         INFO    
loss val in batch 6 in training_data 0 in epoch 3 = 0.127910
2018-01-12 19:58 root         INFO    
accuracy in batch 6 in training_data 0 in epoch 3 = 0.108374
2018-01-12 19:58 root         INFO    
loss val in batch 7 in training_data 0 in epoch 3 = 0.129208
2018-01-12 19:58 root         INFO    
loss val in batch 8 in training_data 0 in epoch 3 = 0.089822
2018-01-12 19:58 root         INFO    
accuracy in batch 8 in training_data 0 in epoch 3 = 0.108045
2018-01-12 19:58 root         INFO    
loss val in batch 9 in training_data 0 in epoch 3 = 0.091787
2018-01-12 19:58 root         INFO    
loss val in batch 10 in training_data 0 in epoch 3 = 0.132770
2018-01-12 19:58 root         INFO    
accuracy in batch 10 in training_data 0 in epoch 3 = 0.108196
2018-01-12 19:58 root         INFO    
loss val in batch 11 in training_data 0 in epoch 3 = 0.124295
2018-01-12 19:58 root         INFO    
loss val in batch 12 in training_data 0 in epoch 3 = 0.145627
2018-01-12 19:58 root         INFO    
accuracy in batch 12 in training_data 0 in epoch 3 = 0.108607
2018-01-12 19:58 root         INFO    
loss val in batch 13 in training_data 0 in epoch 3 = 0.147881
2018-01-12 19:58 root         INFO    
loss val in batch 14 in training_data 0 in epoch 3 = 0.045376
2018-01-12 19:58 root         INFO    
accuracy in batch 14 in training_data 0 in epoch 3 = 0.107962
2018-01-12 19:58 root         INFO    
loss val in batch 15 in training_data 0 in epoch 3 = 0.045377
2018-01-12 19:58 root         INFO    
loss val in batch 16 in training_data 0 in epoch 3 = 0.071157
2018-01-12 19:58 root         INFO    
accuracy in batch 16 in training_data 0 in epoch 3 = 0.107590
2018-01-12 19:58 root         INFO    
loss val in batch 17 in training_data 0 in epoch 3 = 0.071165
2018-01-12 19:58 root         INFO    
loss val in batch 18 in training_data 0 in epoch 3 = 0.078582
2018-01-12 19:58 root         INFO    
accuracy in batch 18 in training_data 0 in epoch 3 = 0.107300
2018-01-12 19:58 root         INFO    
loss val in batch 19 in training_data 0 in epoch 3 = 0.078251
2018-01-12 19:59 root         INFO    
loss val in batch 20 in training_data 0 in epoch 3 = 0.109860
2018-01-12 19:59 root         INFO    
accuracy in batch 20 in training_data 0 in epoch 3 = 0.107326
2018-01-12 19:59 root         INFO    
loss val in batch 21 in training_data 0 in epoch 3 = 0.111532
2018-01-12 19:59 root         INFO    
loss val in batch 22 in training_data 0 in epoch 3 = 0.107187
2018-01-12 19:59 root         INFO    
accuracy in batch 22 in training_data 0 in epoch 3 = 0.107324
2018-01-12 19:59 root         INFO    
loss val in batch 23 in training_data 0 in epoch 3 = 0.107302
2018-01-12 19:59 root         INFO    
loss val in batch 24 in training_data 0 in epoch 3 = 0.096507
2018-01-12 19:59 root         INFO    
accuracy in batch 24 in training_data 0 in epoch 3 = 0.107219
2018-01-12 19:59 root         INFO    
loss val in batch 25 in training_data 0 in epoch 3 = 0.096491
2018-01-12 19:59 root         INFO    
loss val in batch 26 in training_data 0 in epoch 3 = 0.124349
2018-01-12 19:59 root         INFO    
accuracy in batch 26 in training_data 0 in epoch 3 = 0.107384
2018-01-12 19:59 root         INFO    
loss val in batch 27 in training_data 0 in epoch 3 = 0.132724
2018-01-12 19:59 root         INFO    
loss val in batch 28 in training_data 0 in epoch 3 = 0.106835
2018-01-12 19:59 root         INFO    
accuracy in batch 28 in training_data 0 in epoch 3 = 0.107379
2018-01-12 19:59 root         INFO    
loss val in batch 29 in training_data 0 in epoch 3 = 0.106866
2018-01-12 19:59 root         INFO    
loss val in batch 30 in training_data 0 in epoch 3 = 0.165117
2018-01-12 19:59 root         INFO    
accuracy in batch 30 in training_data 0 in epoch 3 = 0.107923
2018-01-12 19:59 root         INFO    
loss val in batch 31 in training_data 0 in epoch 3 = 0.164347
2018-01-12 19:59 root         INFO    
loss val in batch 32 in training_data 0 in epoch 3 = 0.154801
2018-01-12 19:59 root         INFO    
accuracy in batch 32 in training_data 0 in epoch 3 = 0.108361
2018-01-12 19:59 root         INFO    
loss val in batch 33 in training_data 0 in epoch 3 = 0.159578
2018-01-12 19:59 root         INFO    
loss val in batch 34 in training_data 0 in epoch 3 = 0.063228
2018-01-12 19:59 root         INFO    
accuracy in batch 34 in training_data 0 in epoch 3 = 0.107944
2018-01-12 19:59 root         INFO    
loss val in batch 35 in training_data 0 in epoch 3 = 0.063244
2018-01-12 19:59 root         INFO    
loss val in batch 36 in training_data 0 in epoch 3 = 0.129414
2018-01-12 19:59 root         INFO    
accuracy in batch 36 in training_data 0 in epoch 3 = 0.108141
2018-01-12 19:59 root         INFO    
loss val in batch 37 in training_data 0 in epoch 3 = 0.129866
2018-01-12 19:59 root         INFO    
loss val in batch 38 in training_data 0 in epoch 3 = 0.129372
2018-01-12 19:59 root         INFO    
accuracy in batch 38 in training_data 0 in epoch 3 = 0.108334
2018-01-12 19:59 root         INFO    
loss val in batch 39 in training_data 0 in epoch 3 = 0.131376
2018-01-12 19:59 root         INFO    
loss val in batch 40 in training_data 0 in epoch 3 = 0.133339
2018-01-12 19:59 root         INFO    
accuracy in batch 40 in training_data 0 in epoch 3 = 0.108559
2018-01-12 19:59 root         INFO    
loss val in batch 41 in training_data 0 in epoch 3 = 0.137989
2018-01-12 20:00 root         INFO    
loss val in batch 42 in training_data 0 in epoch 3 = 0.120919
2018-01-12 20:00 root         INFO    
accuracy in batch 42 in training_data 0 in epoch 3 = 0.108669
2018-01-12 20:00 root         INFO    
loss val in batch 43 in training_data 0 in epoch 3 = 0.120941
2018-01-12 20:00 root         INFO    
loss val in batch 44 in training_data 0 in epoch 3 = 0.139353
2018-01-12 20:00 root         INFO    
accuracy in batch 44 in training_data 0 in epoch 3 = 0.108941
2018-01-12 20:00 root         INFO    
loss val in batch 45 in training_data 0 in epoch 3 = 0.140825
2018-01-12 20:00 root         INFO    
loss val in batch 46 in training_data 0 in epoch 3 = 0.098930
2018-01-12 20:00 root         INFO    
accuracy in batch 46 in training_data 0 in epoch 3 = 0.108853
2018-01-12 20:00 root         INFO    
loss val in batch 47 in training_data 0 in epoch 3 = 0.098979
2018-01-12 20:00 root         INFO    
loss val in batch 48 in training_data 0 in epoch 3 = 0.145405
2018-01-12 20:00 root         INFO    
accuracy in batch 48 in training_data 0 in epoch 3 = 0.109171
2018-01-12 20:00 root         INFO    
loss val in batch 49 in training_data 0 in epoch 3 = 0.143471
2018-01-12 20:00 root         INFO    
loss val in batch 50 in training_data 0 in epoch 3 = 0.040541
2018-01-12 20:00 root         INFO    
accuracy in batch 50 in training_data 0 in epoch 3 = 0.108579
2018-01-12 20:00 root         INFO    
loss val in batch 51 in training_data 0 in epoch 3 = 0.040538
2018-01-12 20:00 root         INFO    
loss val in batch 52 in training_data 0 in epoch 3 = 0.140504
2018-01-12 20:00 root         INFO    
accuracy in batch 52 in training_data 0 in epoch 3 = 0.108852
2018-01-12 20:00 root         INFO    
loss val in batch 53 in training_data 0 in epoch 3 = 0.133967
2018-01-12 20:00 root         INFO    
loss val in batch 54 in training_data 0 in epoch 3 = 0.119783
2018-01-12 20:00 root         INFO    
accuracy in batch 54 in training_data 0 in epoch 3 = 0.108945
2018-01-12 20:00 root         INFO    
loss val in batch 55 in training_data 0 in epoch 3 = 0.119802
2018-01-12 20:00 root         INFO    
loss val in batch 56 in training_data 0 in epoch 3 = 0.074396
2018-01-12 20:00 root         INFO    
accuracy in batch 56 in training_data 0 in epoch 3 = 0.108654
2018-01-12 20:00 root         INFO    
loss val in batch 57 in training_data 0 in epoch 3 = 0.074389
2018-01-12 20:00 root         INFO    
loss val in batch 58 in training_data 0 in epoch 3 = 0.095244
2018-01-12 20:00 root         INFO    
accuracy in batch 58 in training_data 0 in epoch 3 = 0.108543
2018-01-12 20:00 root         INFO    
loss val in batch 59 in training_data 0 in epoch 3 = 0.095264
2018-01-12 20:00 root         INFO    
save the model file fcn in data\wound_model
2018-01-12 20:00 root         INFO    
loss val in batch 0 in training_data 0 in epoch 4 = 0.076066
2018-01-12 20:00 root         INFO    
accuracy in batch 0 in training_data 0 in epoch 4 = 0.108274
2018-01-12 20:00 root         INFO    
loss val in batch 1 in training_data 0 in epoch 4 = 0.076023
2018-01-12 20:01 root         INFO    
loss val in batch 2 in training_data 0 in epoch 4 = 0.052056
2018-01-12 20:01 root         INFO    
accuracy in batch 2 in training_data 0 in epoch 4 = 0.107813
2018-01-12 20:01 root         INFO    
loss val in batch 3 in training_data 0 in epoch 4 = 0.052047
2018-01-12 20:01 root         INFO    
loss val in batch 4 in training_data 0 in epoch 4 = 0.162420
2018-01-12 20:01 root         INFO    
accuracy in batch 4 in training_data 0 in epoch 4 = 0.108257
2018-01-12 20:01 root         INFO    
loss val in batch 5 in training_data 0 in epoch 4 = 0.162382
2018-01-12 20:01 root         INFO    
loss val in batch 6 in training_data 0 in epoch 4 = 0.127907
2018-01-12 20:01 root         INFO    
accuracy in batch 6 in training_data 0 in epoch 4 = 0.108416
2018-01-12 20:01 root         INFO    
loss val in batch 7 in training_data 0 in epoch 4 = 0.127902
2018-01-12 20:01 root         INFO    
loss val in batch 8 in training_data 0 in epoch 4 = 0.066794
2018-01-12 20:01 root         INFO    
accuracy in batch 8 in training_data 0 in epoch 4 = 0.108083
2018-01-12 20:01 root         INFO    
loss val in batch 9 in training_data 0 in epoch 4 = 0.066786
2018-01-12 20:01 root         INFO    
loss val in batch 10 in training_data 0 in epoch 4 = 0.126606
2018-01-12 20:01 root         INFO    
accuracy in batch 10 in training_data 0 in epoch 4 = 0.108230
2018-01-12 20:01 root         INFO    
loss val in batch 11 in training_data 0 in epoch 4 = 0.126602
2018-01-12 20:01 root         INFO    
loss val in batch 12 in training_data 0 in epoch 4 = 0.148085
2018-01-12 20:01 root         INFO    
accuracy in batch 12 in training_data 0 in epoch 4 = 0.108544
2018-01-12 20:01 root         INFO    
loss val in batch 13 in training_data 0 in epoch 4 = 0.148041
2018-01-12 20:01 root         INFO    
loss val in batch 14 in training_data 0 in epoch 4 = 0.045376
2018-01-12 20:01 root         INFO    
accuracy in batch 14 in training_data 0 in epoch 4 = 0.108050
2018-01-12 20:01 root         INFO    
loss val in batch 15 in training_data 0 in epoch 4 = 0.045377
2018-01-12 20:01 root         INFO    
loss val in batch 16 in training_data 0 in epoch 4 = 0.071157
2018-01-12 20:01 root         INFO    
accuracy in batch 16 in training_data 0 in epoch 4 = 0.107764
2018-01-12 20:01 root         INFO    
loss val in batch 17 in training_data 0 in epoch 4 = 0.071165
2018-01-12 20:01 root         INFO    
loss val in batch 18 in training_data 0 in epoch 4 = 0.078582
2018-01-12 20:01 root         INFO    
accuracy in batch 18 in training_data 0 in epoch 4 = 0.107540
2018-01-12 20:01 root         INFO    
loss val in batch 19 in training_data 0 in epoch 4 = 0.078251
2018-01-12 20:01 root         INFO    
loss val in batch 20 in training_data 0 in epoch 4 = 0.109860
2018-01-12 20:01 root         INFO    
accuracy in batch 20 in training_data 0 in epoch 4 = 0.107557
2018-01-12 20:01 root         INFO    
loss val in batch 21 in training_data 0 in epoch 4 = 0.111532
2018-01-12 20:01 root         INFO    
loss val in batch 22 in training_data 0 in epoch 4 = 0.107187
2018-01-12 20:01 root         INFO    
accuracy in batch 22 in training_data 0 in epoch 4 = 0.107555
2018-01-12 20:01 root         INFO    
loss val in batch 23 in training_data 0 in epoch 4 = 0.107302
2018-01-12 20:02 root         INFO    
loss val in batch 24 in training_data 0 in epoch 4 = 0.096507
2018-01-12 20:02 root         INFO    
accuracy in batch 24 in training_data 0 in epoch 4 = 0.107471
2018-01-12 20:02 root         INFO    
loss val in batch 25 in training_data 0 in epoch 4 = 0.096491
2018-01-12 20:02 root         INFO    
loss val in batch 26 in training_data 0 in epoch 4 = 0.124349
2018-01-12 20:02 root         INFO    
accuracy in batch 26 in training_data 0 in epoch 4 = 0.107597
2018-01-12 20:02 root         INFO    
loss val in batch 27 in training_data 0 in epoch 4 = 0.132724
2018-01-12 20:02 root         INFO    
loss val in batch 28 in training_data 0 in epoch 4 = 0.106835
2018-01-12 20:02 root         INFO    
accuracy in batch 28 in training_data 0 in epoch 4 = 0.107592
2018-01-12 20:02 root         INFO    
loss val in batch 29 in training_data 0 in epoch 4 = 0.106866
2018-01-12 20:02 root         INFO    
loss val in batch 30 in training_data 0 in epoch 4 = 0.165117
2018-01-12 20:02 root         INFO    
accuracy in batch 30 in training_data 0 in epoch 4 = 0.108015
2018-01-12 20:02 root         INFO    
loss val in batch 31 in training_data 0 in epoch 4 = 0.164347
2018-01-12 20:02 root         INFO    
loss val in batch 32 in training_data 0 in epoch 4 = 0.154801
2018-01-12 20:02 root         INFO    
accuracy in batch 32 in training_data 0 in epoch 4 = 0.108356
2018-01-12 20:02 root         INFO    
loss val in batch 33 in training_data 0 in epoch 4 = 0.159578
2018-01-12 20:02 root         INFO    
loss val in batch 34 in training_data 0 in epoch 4 = 0.063228
2018-01-12 20:02 root         INFO    
accuracy in batch 34 in training_data 0 in epoch 4 = 0.108029
2018-01-12 20:02 root         INFO    
loss val in batch 35 in training_data 0 in epoch 4 = 0.063244
2018-01-12 20:02 root         INFO    
loss val in batch 36 in training_data 0 in epoch 4 = 0.129414
2018-01-12 20:02 root         INFO    
accuracy in batch 36 in training_data 0 in epoch 4 = 0.108183
2018-01-12 20:02 root         INFO    
loss val in batch 37 in training_data 0 in epoch 4 = 0.129866
2018-01-12 20:02 root         INFO    
loss val in batch 38 in training_data 0 in epoch 4 = 0.129372
2018-01-12 20:02 root         INFO    
accuracy in batch 38 in training_data 0 in epoch 4 = 0.108334
2018-01-12 20:02 root         INFO    
loss val in batch 39 in training_data 0 in epoch 4 = 0.131376
2018-01-12 20:02 root         INFO    
loss val in batch 40 in training_data 0 in epoch 4 = 0.133339
2018-01-12 20:02 root         INFO    
accuracy in batch 40 in training_data 0 in epoch 4 = 0.108512
2018-01-12 20:02 root         INFO    
loss val in batch 41 in training_data 0 in epoch 4 = 0.137989
2018-01-12 20:02 root         INFO    
loss val in batch 42 in training_data 0 in epoch 4 = 0.120919
2018-01-12 20:02 root         INFO    
accuracy in batch 42 in training_data 0 in epoch 4 = 0.108599
2018-01-12 20:02 root         INFO    
loss val in batch 43 in training_data 0 in epoch 4 = 0.120941
2018-01-12 20:02 root         INFO    
loss val in batch 44 in training_data 0 in epoch 4 = 0.139353
2018-01-12 20:02 root         INFO    
accuracy in batch 44 in training_data 0 in epoch 4 = 0.108814
2018-01-12 20:03 root         INFO    
loss val in batch 45 in training_data 0 in epoch 4 = 0.140825
2018-01-12 20:03 root         INFO    
loss val in batch 46 in training_data 0 in epoch 4 = 0.098930
2018-01-12 20:03 root         INFO    
accuracy in batch 46 in training_data 0 in epoch 4 = 0.108746
2018-01-12 20:03 root         INFO    
loss val in batch 47 in training_data 0 in epoch 4 = 0.098979
2018-01-12 20:03 root         INFO    
loss val in batch 48 in training_data 0 in epoch 4 = 0.145405
2018-01-12 20:03 root         INFO    
accuracy in batch 48 in training_data 0 in epoch 4 = 0.108998
2018-01-12 20:03 root         INFO    
loss val in batch 49 in training_data 0 in epoch 4 = 0.143471
2018-01-12 20:03 root         INFO    
loss val in batch 50 in training_data 0 in epoch 4 = 0.040541
2018-01-12 20:03 root         INFO    
accuracy in batch 50 in training_data 0 in epoch 4 = 0.108530
2018-01-12 20:03 root         INFO    
loss val in batch 51 in training_data 0 in epoch 4 = 0.040538
2018-01-12 20:03 root         INFO    
loss val in batch 52 in training_data 0 in epoch 4 = 0.140504
2018-01-12 20:03 root         INFO    
accuracy in batch 52 in training_data 0 in epoch 4 = 0.108747
2018-01-12 20:03 root         INFO    
loss val in batch 53 in training_data 0 in epoch 4 = 0.133967
2018-01-12 20:03 root         INFO    
loss val in batch 54 in training_data 0 in epoch 4 = 0.119783
2018-01-12 20:03 root         INFO    
accuracy in batch 54 in training_data 0 in epoch 4 = 0.108822
2018-01-12 20:03 root         INFO    
loss val in batch 55 in training_data 0 in epoch 4 = 0.119802
2018-01-12 20:03 root         INFO    
loss val in batch 56 in training_data 0 in epoch 4 = 0.074396
2018-01-12 20:03 root         INFO    
accuracy in batch 56 in training_data 0 in epoch 4 = 0.108591
2018-01-12 20:03 root         INFO    
loss val in batch 57 in training_data 0 in epoch 4 = 0.074389
2018-01-12 20:03 root         INFO    
loss val in batch 58 in training_data 0 in epoch 4 = 0.095244
2018-01-12 20:03 root         INFO    
accuracy in batch 58 in training_data 0 in epoch 4 = 0.108502
2018-01-12 20:03 root         INFO    
loss val in batch 59 in training_data 0 in epoch 4 = 0.095264
2018-01-12 20:03 root         INFO    
save the model file fcn in data\wound_model
2018-01-12 20:03 root         INFO    
loss val in batch 0 in training_data 0 in epoch 5 = 0.076066
2018-01-12 20:03 root         INFO    
accuracy in batch 0 in training_data 0 in epoch 5 = 0.108287
2018-01-12 20:03 root         INFO    
loss val in batch 1 in training_data 0 in epoch 5 = 0.076023
2018-01-12 20:03 root         INFO    
loss val in batch 2 in training_data 0 in epoch 5 = 0.052056
2018-01-12 20:03 root         INFO    
accuracy in batch 2 in training_data 0 in epoch 5 = 0.107917
2018-01-12 20:03 root         INFO    
loss val in batch 3 in training_data 0 in epoch 5 = 0.052047
2018-01-12 20:03 root         INFO    
loss val in batch 4 in training_data 0 in epoch 5 = 0.162420
2018-01-12 20:03 root         INFO    
accuracy in batch 4 in training_data 0 in epoch 5 = 0.108273
2018-01-12 20:04 root         INFO    
loss val in batch 5 in training_data 0 in epoch 5 = 0.162382
2018-01-12 20:04 root         INFO    
loss val in batch 6 in training_data 0 in epoch 5 = 0.127907
2018-01-12 20:04 root         INFO    
accuracy in batch 6 in training_data 0 in epoch 5 = 0.108401
2018-01-12 20:04 root         INFO    
loss val in batch 7 in training_data 0 in epoch 5 = 0.127902
2018-01-12 20:04 root         INFO    
loss val in batch 8 in training_data 0 in epoch 5 = 0.066794
2018-01-12 20:04 root         INFO    
accuracy in batch 8 in training_data 0 in epoch 5 = 0.108132
2018-01-12 20:04 root         INFO    
loss val in batch 9 in training_data 0 in epoch 5 = 0.066786
2018-01-12 20:04 root         INFO    
loss val in batch 10 in training_data 0 in epoch 5 = 0.126606
2018-01-12 20:04 root         INFO    
accuracy in batch 10 in training_data 0 in epoch 5 = 0.108251
2018-01-12 20:04 root         INFO    
loss val in batch 11 in training_data 0 in epoch 5 = 0.126602
2018-01-12 20:04 root         INFO    
loss val in batch 12 in training_data 0 in epoch 5 = 0.148085
2018-01-12 20:04 root         INFO    
accuracy in batch 12 in training_data 0 in epoch 5 = 0.108504
2018-01-12 20:04 root         INFO    
loss val in batch 13 in training_data 0 in epoch 5 = 0.148041
2018-01-12 20:04 root         INFO    
loss val in batch 14 in training_data 0 in epoch 5 = 0.045376
2018-01-12 20:04 root         INFO    
accuracy in batch 14 in training_data 0 in epoch 5 = 0.108105
2018-01-12 20:04 root         INFO    
loss val in batch 15 in training_data 0 in epoch 5 = 0.045377
2018-01-12 20:04 root         INFO    
loss val in batch 16 in training_data 0 in epoch 5 = 0.071157
2018-01-12 20:04 root         INFO    
accuracy in batch 16 in training_data 0 in epoch 5 = 0.107872
2018-01-12 20:04 root         INFO    
loss val in batch 17 in training_data 0 in epoch 5 = 0.071165
2018-01-12 20:04 root         INFO    
loss val in batch 18 in training_data 0 in epoch 5 = 0.078582
2018-01-12 20:04 root         INFO    
accuracy in batch 18 in training_data 0 in epoch 5 = 0.107689
2018-01-12 20:04 root         INFO    
loss val in batch 19 in training_data 0 in epoch 5 = 0.078251
2018-01-12 20:04 root         INFO    
loss val in batch 20 in training_data 0 in epoch 5 = 0.109860
2018-01-12 20:04 root         INFO    
accuracy in batch 20 in training_data 0 in epoch 5 = 0.107703
2018-01-12 20:04 root         INFO    
loss val in batch 21 in training_data 0 in epoch 5 = 0.111532
2018-01-12 20:04 root         INFO    
loss val in batch 22 in training_data 0 in epoch 5 = 0.107187
2018-01-12 20:04 root         INFO    
accuracy in batch 22 in training_data 0 in epoch 5 = 0.107700
2018-01-12 20:04 root         INFO    
loss val in batch 23 in training_data 0 in epoch 5 = 0.107302
2018-01-12 20:04 root         INFO    
loss val in batch 24 in training_data 0 in epoch 5 = 0.096507
2018-01-12 20:04 root         INFO    
accuracy in batch 24 in training_data 0 in epoch 5 = 0.107631
2018-01-12 20:04 root         INFO    
loss val in batch 25 in training_data 0 in epoch 5 = 0.096491
2018-01-12 20:04 root         INFO    
loss val in batch 26 in training_data 0 in epoch 5 = 0.124349
2018-01-12 20:04 root         INFO    
accuracy in batch 26 in training_data 0 in epoch 5 = 0.107733
2018-01-12 20:05 root         INFO    
loss val in batch 27 in training_data 0 in epoch 5 = 0.132724
2018-01-12 20:05 root         INFO    
loss val in batch 28 in training_data 0 in epoch 5 = 0.106835
2018-01-12 20:05 root         INFO    
accuracy in batch 28 in training_data 0 in epoch 5 = 0.107727
2018-01-12 20:05 root         INFO    
loss val in batch 29 in training_data 0 in epoch 5 = 0.106866
2018-01-12 20:05 root         INFO    
loss val in batch 30 in training_data 0 in epoch 5 = 0.165117
2018-01-12 20:05 root         INFO    
accuracy in batch 30 in training_data 0 in epoch 5 = 0.108073
2018-01-12 20:05 root         INFO    
loss val in batch 31 in training_data 0 in epoch 5 = 0.164347
2018-01-12 20:05 root         INFO    
loss val in batch 32 in training_data 0 in epoch 5 = 0.154801
2018-01-12 20:05 root         INFO    
accuracy in batch 32 in training_data 0 in epoch 5 = 0.108353
2018-01-12 20:05 root         INFO    
loss val in batch 33 in training_data 0 in epoch 5 = 0.159578
2018-01-12 20:05 root         INFO    
loss val in batch 34 in training_data 0 in epoch 5 = 0.063228
2018-01-12 20:05 root         INFO    
accuracy in batch 34 in training_data 0 in epoch 5 = 0.108084
2018-01-12 20:05 root         INFO    
loss val in batch 35 in training_data 0 in epoch 5 = 0.063244
2018-01-12 20:05 root         INFO    
loss val in batch 36 in training_data 0 in epoch 5 = 0.129414
2018-01-12 20:05 root         INFO    
accuracy in batch 36 in training_data 0 in epoch 5 = 0.108211
2018-01-12 20:05 root         INFO    
loss val in batch 37 in training_data 0 in epoch 5 = 0.129866
2018-01-12 20:05 root         INFO    
loss val in batch 38 in training_data 0 in epoch 5 = 0.129372
2018-01-12 20:05 root         INFO    
accuracy in batch 38 in training_data 0 in epoch 5 = 0.108335
2018-01-12 20:05 root         INFO    
loss val in batch 39 in training_data 0 in epoch 5 = 0.131376
2018-01-12 20:05 root         INFO    
loss val in batch 40 in training_data 0 in epoch 5 = 0.133339
2018-01-12 20:05 root         INFO    
accuracy in batch 40 in training_data 0 in epoch 5 = 0.108481
2018-01-12 20:05 root         INFO    
loss val in batch 41 in training_data 0 in epoch 5 = 0.137989
2018-01-12 20:05 root         INFO    
loss val in batch 42 in training_data 0 in epoch 5 = 0.120919
2018-01-12 20:05 root         INFO    
accuracy in batch 42 in training_data 0 in epoch 5 = 0.108554
2018-01-12 20:05 root         INFO    
loss val in batch 43 in training_data 0 in epoch 5 = 0.120941
2018-01-12 20:05 root         INFO    
loss val in batch 44 in training_data 0 in epoch 5 = 0.139353
2018-01-12 20:05 root         INFO    
accuracy in batch 44 in training_data 0 in epoch 5 = 0.108732
2018-01-12 20:05 root         INFO    
loss val in batch 45 in training_data 0 in epoch 5 = 0.140825
2018-01-12 20:05 root         INFO    
loss val in batch 46 in training_data 0 in epoch 5 = 0.098930
2018-01-12 20:05 root         INFO    
accuracy in batch 46 in training_data 0 in epoch 5 = 0.108675
2018-01-12 20:05 root         INFO    
loss val in batch 47 in training_data 0 in epoch 5 = 0.098979
2018-01-12 20:05 root         INFO    
loss val in batch 48 in training_data 0 in epoch 5 = 0.145405
2018-01-12 20:05 root         INFO    
accuracy in batch 48 in training_data 0 in epoch 5 = 0.108885
2018-01-12 20:06 root         INFO    
loss val in batch 49 in training_data 0 in epoch 5 = 0.143471
2018-01-12 20:06 root         INFO    
loss val in batch 50 in training_data 0 in epoch 5 = 0.040541
2018-01-12 20:06 root         INFO    
accuracy in batch 50 in training_data 0 in epoch 5 = 0.108497
2018-01-12 20:06 root         INFO    
loss val in batch 51 in training_data 0 in epoch 5 = 0.040538
2018-01-12 20:06 root         INFO    
loss val in batch 52 in training_data 0 in epoch 5 = 0.140504
2018-01-12 20:06 root         INFO    
accuracy in batch 52 in training_data 0 in epoch 5 = 0.108678
2018-01-12 20:06 root         INFO    
loss val in batch 53 in training_data 0 in epoch 5 = 0.133967
2018-01-12 20:06 root         INFO    
loss val in batch 54 in training_data 0 in epoch 5 = 0.119783
2018-01-12 20:06 root         INFO    
accuracy in batch 54 in training_data 0 in epoch 5 = 0.108740
2018-01-12 20:06 root         INFO    
loss val in batch 55 in training_data 0 in epoch 5 = 0.119802
2018-01-12 20:06 root         INFO    
loss val in batch 56 in training_data 0 in epoch 5 = 0.074396
2018-01-12 20:06 root         INFO    
accuracy in batch 56 in training_data 0 in epoch 5 = 0.108548
2018-01-12 20:06 root         INFO    
loss val in batch 57 in training_data 0 in epoch 5 = 0.074389
2018-01-12 20:06 root         INFO    
loss val in batch 58 in training_data 0 in epoch 5 = 0.095244
2018-01-12 20:06 root         INFO    
accuracy in batch 58 in training_data 0 in epoch 5 = 0.108474
2018-01-12 20:06 root         INFO    
loss val in batch 59 in training_data 0 in epoch 5 = 0.095264
2018-01-12 20:06 root         INFO    
save the model file fcn in data\wound_model
2018-01-12 20:06 root         INFO    
loss val in batch 0 in training_data 0 in epoch 6 = 0.076066
2018-01-12 20:06 root         INFO    
accuracy in batch 0 in training_data 0 in epoch 6 = 0.108295
2018-01-12 20:06 root         INFO    
loss val in batch 1 in training_data 0 in epoch 6 = 0.076023
2018-01-12 20:06 root         INFO    
loss val in batch 2 in training_data 0 in epoch 6 = 0.052056
2018-01-12 20:06 root         INFO    
accuracy in batch 2 in training_data 0 in epoch 6 = 0.107986
2018-01-12 20:06 root         INFO    
loss val in batch 3 in training_data 0 in epoch 6 = 0.052047
2018-01-12 20:06 root         INFO    
loss val in batch 4 in training_data 0 in epoch 6 = 0.162420
2018-01-12 20:06 root         INFO    
accuracy in batch 4 in training_data 0 in epoch 6 = 0.108284
2018-01-12 20:06 root         INFO    
loss val in batch 5 in training_data 0 in epoch 6 = 0.162382
2018-01-12 20:06 root         INFO    
loss val in batch 6 in training_data 0 in epoch 6 = 0.127907
2018-01-12 20:06 root         INFO    
accuracy in batch 6 in training_data 0 in epoch 6 = 0.108390
2018-01-12 20:06 root         INFO    
loss val in batch 7 in training_data 0 in epoch 6 = 0.127902
2018-01-12 20:06 root         INFO    
loss val in batch 8 in training_data 0 in epoch 6 = 0.066794
2018-01-12 20:06 root         INFO    
accuracy in batch 8 in training_data 0 in epoch 6 = 0.108165
2018-01-12 20:07 root         INFO    
loss val in batch 9 in training_data 0 in epoch 6 = 0.066786
2018-01-12 20:07 root         INFO    
loss val in batch 10 in training_data 0 in epoch 6 = 0.126606
2018-01-12 20:07 root         INFO    
accuracy in batch 10 in training_data 0 in epoch 6 = 0.108265
2018-01-12 20:07 root         INFO    
loss val in batch 11 in training_data 0 in epoch 6 = 0.126602
2018-01-12 20:07 root         INFO    
loss val in batch 12 in training_data 0 in epoch 6 = 0.148085
2018-01-12 20:07 root         INFO    
accuracy in batch 12 in training_data 0 in epoch 6 = 0.108478
2018-01-12 20:07 root         INFO    
loss val in batch 13 in training_data 0 in epoch 6 = 0.148041
2018-01-12 20:07 root         INFO    
loss val in batch 14 in training_data 0 in epoch 6 = 0.045376
2018-01-12 20:07 root         INFO    
accuracy in batch 14 in training_data 0 in epoch 6 = 0.108142
2018-01-12 20:07 root         INFO    
loss val in batch 15 in training_data 0 in epoch 6 = 0.045377
2018-01-12 20:07 root         INFO    
loss val in batch 16 in training_data 0 in epoch 6 = 0.071157
2018-01-12 20:07 root         INFO    
accuracy in batch 16 in training_data 0 in epoch 6 = 0.107946
2018-01-12 20:07 root         INFO    
loss val in batch 17 in training_data 0 in epoch 6 = 0.071165
2018-01-12 20:07 root         INFO    
loss val in batch 18 in training_data 0 in epoch 6 = 0.078582
2018-01-12 20:07 root         INFO    
accuracy in batch 18 in training_data 0 in epoch 6 = 0.107792
2018-01-12 20:07 root         INFO    
loss val in batch 19 in training_data 0 in epoch 6 = 0.078251
2018-01-12 20:07 root         INFO    
loss val in batch 20 in training_data 0 in epoch 6 = 0.109860
2018-01-12 20:07 root         INFO    
accuracy in batch 20 in training_data 0 in epoch 6 = 0.107803
2018-01-12 20:07 root         INFO    
loss val in batch 21 in training_data 0 in epoch 6 = 0.111532
2018-01-12 20:07 root         INFO    
loss val in batch 22 in training_data 0 in epoch 6 = 0.107187
2018-01-12 20:07 root         INFO    
accuracy in batch 22 in training_data 0 in epoch 6 = 0.107799
2018-01-12 20:07 root         INFO    
loss val in batch 23 in training_data 0 in epoch 6 = 0.107302
2018-01-12 20:07 root         INFO    
loss val in batch 24 in training_data 0 in epoch 6 = 0.096507
2018-01-12 20:07 root         INFO    
accuracy in batch 24 in training_data 0 in epoch 6 = 0.107741
2018-01-12 20:07 root         INFO    
loss val in batch 25 in training_data 0 in epoch 6 = 0.096491
2018-01-12 20:07 root         INFO    
loss val in batch 26 in training_data 0 in epoch 6 = 0.124349
2018-01-12 20:07 root         INFO    
accuracy in batch 26 in training_data 0 in epoch 6 = 0.107826
2018-01-12 20:07 root         INFO    
loss val in batch 27 in training_data 0 in epoch 6 = 0.132724
2018-01-12 20:07 root         INFO    
loss val in batch 28 in training_data 0 in epoch 6 = 0.106835
2018-01-12 20:07 root         INFO    
accuracy in batch 28 in training_data 0 in epoch 6 = 0.107821
2018-01-12 20:07 root         INFO    
loss val in batch 29 in training_data 0 in epoch 6 = 0.106866
2018-01-12 20:07 root         INFO    
loss val in batch 30 in training_data 0 in epoch 6 = 0.165117
2018-01-12 20:07 root         INFO    
accuracy in batch 30 in training_data 0 in epoch 6 = 0.108114
2018-01-12 20:08 root         INFO    
loss val in batch 31 in training_data 0 in epoch 6 = 0.164347
2018-01-12 20:08 root         INFO    
loss val in batch 32 in training_data 0 in epoch 6 = 0.154801
2018-01-12 20:08 root         INFO    
accuracy in batch 32 in training_data 0 in epoch 6 = 0.108351
2018-01-12 20:08 root         INFO    
loss val in batch 33 in training_data 0 in epoch 6 = 0.159578
2018-01-12 20:08 root         INFO    
loss val in batch 34 in training_data 0 in epoch 6 = 0.063228
2018-01-12 20:08 root         INFO    
accuracy in batch 34 in training_data 0 in epoch 6 = 0.108123
2018-01-12 20:08 root         INFO    
loss val in batch 35 in training_data 0 in epoch 6 = 0.063244
2018-01-12 20:08 root         INFO    
loss val in batch 36 in training_data 0 in epoch 6 = 0.129414
2018-01-12 20:08 root         INFO    
accuracy in batch 36 in training_data 0 in epoch 6 = 0.108230
2018-01-12 20:08 root         INFO    
loss val in batch 37 in training_data 0 in epoch 6 = 0.129866
2018-01-12 20:08 root         INFO    
loss val in batch 38 in training_data 0 in epoch 6 = 0.129372
2018-01-12 20:08 root         INFO    
accuracy in batch 38 in training_data 0 in epoch 6 = 0.108335
2018-01-12 20:08 root         INFO    
loss val in batch 39 in training_data 0 in epoch 6 = 0.131376
2018-01-12 20:08 root         INFO    
loss val in batch 40 in training_data 0 in epoch 6 = 0.133339
2018-01-12 20:08 root         INFO    
accuracy in batch 40 in training_data 0 in epoch 6 = 0.108460
2018-01-12 20:08 root         INFO    
loss val in batch 41 in training_data 0 in epoch 6 = 0.137989
2018-01-12 20:08 root         INFO    
loss val in batch 42 in training_data 0 in epoch 6 = 0.120919
2018-01-12 20:08 root         INFO    
accuracy in batch 42 in training_data 0 in epoch 6 = 0.108522
2018-01-12 20:08 root         INFO    
loss val in batch 43 in training_data 0 in epoch 6 = 0.120941
2018-01-12 20:08 root         INFO    
loss val in batch 44 in training_data 0 in epoch 6 = 0.139353
2018-01-12 20:08 root         INFO    
accuracy in batch 44 in training_data 0 in epoch 6 = 0.108673
2018-01-12 20:08 root         INFO    
loss val in batch 45 in training_data 0 in epoch 6 = 0.140825
2018-01-12 20:08 root         INFO    
loss val in batch 46 in training_data 0 in epoch 6 = 0.098930
2018-01-12 20:08 root         INFO    
accuracy in batch 46 in training_data 0 in epoch 6 = 0.108626
2018-01-12 20:08 root         INFO    
loss val in batch 47 in training_data 0 in epoch 6 = 0.098979
2018-01-12 20:08 root         INFO    
loss val in batch 48 in training_data 0 in epoch 6 = 0.145405
2018-01-12 20:08 root         INFO    
accuracy in batch 48 in training_data 0 in epoch 6 = 0.108805
2018-01-12 20:08 root         INFO    
loss val in batch 49 in training_data 0 in epoch 6 = 0.143471
2018-01-12 20:08 root         INFO    
loss val in batch 50 in training_data 0 in epoch 6 = 0.040541
2018-01-12 20:08 root         INFO    
accuracy in batch 50 in training_data 0 in epoch 6 = 0.108474
2018-01-12 20:08 root         INFO    
loss val in batch 51 in training_data 0 in epoch 6 = 0.040538
2018-01-12 20:08 root         INFO    
loss val in batch 52 in training_data 0 in epoch 6 = 0.140504
2018-01-12 20:08 root         INFO    
accuracy in batch 52 in training_data 0 in epoch 6 = 0.108628
2018-01-12 20:09 root         INFO    
loss val in batch 53 in training_data 0 in epoch 6 = 0.133967
2018-01-12 20:09 root         INFO    
loss val in batch 54 in training_data 0 in epoch 6 = 0.119783
2018-01-12 20:09 root         INFO    
accuracy in batch 54 in training_data 0 in epoch 6 = 0.108682
2018-01-12 20:09 root         INFO    
loss val in batch 55 in training_data 0 in epoch 6 = 0.119802
2018-01-12 20:09 root         INFO    
loss val in batch 56 in training_data 0 in epoch 6 = 0.074396
2018-01-12 20:09 root         INFO    
accuracy in batch 56 in training_data 0 in epoch 6 = 0.108518
2018-01-12 20:09 root         INFO    
loss val in batch 57 in training_data 0 in epoch 6 = 0.074389
2018-01-12 20:09 root         INFO    
loss val in batch 58 in training_data 0 in epoch 6 = 0.095244
2018-01-12 20:09 root         INFO    
accuracy in batch 58 in training_data 0 in epoch 6 = 0.108455
2018-01-12 20:09 root         INFO    
loss val in batch 59 in training_data 0 in epoch 6 = 0.095264
2018-01-12 20:09 root         INFO    
save the model file fcn in data\wound_model
2018-01-12 20:09 root         INFO    
loss val in batch 0 in training_data 0 in epoch 7 = 0.076066
2018-01-12 20:09 root         INFO    
accuracy in batch 0 in training_data 0 in epoch 7 = 0.108301
2018-01-12 20:09 root         INFO    
loss val in batch 1 in training_data 0 in epoch 7 = 0.076023
2018-01-12 20:09 root         INFO    
loss val in batch 2 in training_data 0 in epoch 7 = 0.052056
2018-01-12 20:09 root         INFO    
accuracy in batch 2 in training_data 0 in epoch 7 = 0.108036
2018-01-12 20:09 root         INFO    
loss val in batch 3 in training_data 0 in epoch 7 = 0.052047
2018-01-12 20:09 root         INFO    
loss val in batch 4 in training_data 0 in epoch 7 = 0.162420
2018-01-12 20:09 root         INFO    
accuracy in batch 4 in training_data 0 in epoch 7 = 0.108291
2018-01-12 20:09 root         INFO    
loss val in batch 5 in training_data 0 in epoch 7 = 0.162382
2018-01-12 20:09 root         INFO    
loss val in batch 6 in training_data 0 in epoch 7 = 0.127907
2018-01-12 20:09 root         INFO    
accuracy in batch 6 in training_data 0 in epoch 7 = 0.108383
2018-01-12 20:09 root         INFO    
loss val in batch 7 in training_data 0 in epoch 7 = 0.127902
2018-01-12 20:09 root         INFO    
loss val in batch 8 in training_data 0 in epoch 7 = 0.066794
2018-01-12 20:09 root         INFO    
accuracy in batch 8 in training_data 0 in epoch 7 = 0.108190
2018-01-12 20:09 root         INFO    
loss val in batch 9 in training_data 0 in epoch 7 = 0.066786
2018-01-12 20:09 root         INFO    
loss val in batch 10 in training_data 0 in epoch 7 = 0.126606
2018-01-12 20:09 root         INFO    
accuracy in batch 10 in training_data 0 in epoch 7 = 0.108275
2018-01-12 20:09 root         INFO    
loss val in batch 11 in training_data 0 in epoch 7 = 0.126602
2018-01-12 20:09 root         INFO    
loss val in batch 12 in training_data 0 in epoch 7 = 0.148085
2018-01-12 20:09 root         INFO    
accuracy in batch 12 in training_data 0 in epoch 7 = 0.108458
2018-01-12 20:10 root         INFO    
loss val in batch 13 in training_data 0 in epoch 7 = 0.148041
2018-01-12 20:10 root         INFO    
loss val in batch 14 in training_data 0 in epoch 7 = 0.045376
2018-01-12 20:10 root         INFO    
accuracy in batch 14 in training_data 0 in epoch 7 = 0.108169
2018-01-12 20:10 root         INFO    
loss val in batch 15 in training_data 0 in epoch 7 = 0.045377
2018-01-12 20:10 root         INFO    
loss val in batch 16 in training_data 0 in epoch 7 = 0.071157
2018-01-12 20:10 root         INFO    
accuracy in batch 16 in training_data 0 in epoch 7 = 0.108000
2018-01-12 20:10 root         INFO    
loss val in batch 17 in training_data 0 in epoch 7 = 0.071165
2018-01-12 20:10 root         INFO    
loss val in batch 18 in training_data 0 in epoch 7 = 0.078582
2018-01-12 20:10 root         INFO    
accuracy in batch 18 in training_data 0 in epoch 7 = 0.107866
2018-01-12 20:10 root         INFO    
loss val in batch 19 in training_data 0 in epoch 7 = 0.078251
2018-01-12 20:10 root         INFO    
loss val in batch 20 in training_data 0 in epoch 7 = 0.109860
2018-01-12 20:10 root         INFO    
accuracy in batch 20 in training_data 0 in epoch 7 = 0.107875
2018-01-12 20:10 root         INFO    
loss val in batch 21 in training_data 0 in epoch 7 = 0.111532
2018-01-12 20:10 root         INFO    
loss val in batch 22 in training_data 0 in epoch 7 = 0.107187
2018-01-12 20:10 root         INFO    
accuracy in batch 22 in training_data 0 in epoch 7 = 0.107872
2018-01-12 20:10 root         INFO    
loss val in batch 23 in training_data 0 in epoch 7 = 0.107302
2018-01-12 20:10 root         INFO    
loss val in batch 24 in training_data 0 in epoch 7 = 0.096507
2018-01-12 20:10 root         INFO    
accuracy in batch 24 in training_data 0 in epoch 7 = 0.107821
2018-01-12 20:10 root         INFO    
loss val in batch 25 in training_data 0 in epoch 7 = 0.096491
2018-01-12 20:10 root         INFO    
loss val in batch 26 in training_data 0 in epoch 7 = 0.124349
2018-01-12 20:10 root         INFO    
accuracy in batch 26 in training_data 0 in epoch 7 = 0.107895
2018-01-12 20:10 root         INFO    
loss val in batch 27 in training_data 0 in epoch 7 = 0.132724
2018-01-12 20:10 root         INFO    
loss val in batch 28 in training_data 0 in epoch 7 = 0.106835
2018-01-12 20:10 root         INFO    
accuracy in batch 28 in training_data 0 in epoch 7 = 0.107890
2018-01-12 20:10 root         INFO    
loss val in batch 29 in training_data 0 in epoch 7 = 0.106866
2018-01-12 20:10 root         INFO    
loss val in batch 30 in training_data 0 in epoch 7 = 0.165117
2018-01-12 20:10 root         INFO    
accuracy in batch 30 in training_data 0 in epoch 7 = 0.108143
2018-01-12 20:10 root         INFO    
loss val in batch 31 in training_data 0 in epoch 7 = 0.164347
2018-01-12 20:10 root         INFO    
loss val in batch 32 in training_data 0 in epoch 7 = 0.154801
2018-01-12 20:10 root         INFO    
accuracy in batch 32 in training_data 0 in epoch 7 = 0.108349
2018-01-12 20:10 root         INFO    
loss val in batch 33 in training_data 0 in epoch 7 = 0.159578
2018-01-12 20:10 root         INFO    
loss val in batch 34 in training_data 0 in epoch 7 = 0.063228
2018-01-12 20:10 root         INFO    
accuracy in batch 34 in training_data 0 in epoch 7 = 0.108151
2018-01-12 20:11 root         INFO    
loss val in batch 35 in training_data 0 in epoch 7 = 0.063244
2018-01-12 20:11 root         INFO    
loss val in batch 36 in training_data 0 in epoch 7 = 0.129414
2018-01-12 20:11 root         INFO    
accuracy in batch 36 in training_data 0 in epoch 7 = 0.108244
2018-01-12 20:11 root         INFO    
loss val in batch 37 in training_data 0 in epoch 7 = 0.129866
2018-01-12 20:11 root         INFO    
loss val in batch 38 in training_data 0 in epoch 7 = 0.129372
2018-01-12 20:11 root         INFO    
accuracy in batch 38 in training_data 0 in epoch 7 = 0.108336
2018-01-12 20:11 root         INFO    
loss val in batch 39 in training_data 0 in epoch 7 = 0.131376
2018-01-12 20:11 root         INFO    
loss val in batch 40 in training_data 0 in epoch 7 = 0.133339
2018-01-12 20:11 root         INFO    
accuracy in batch 40 in training_data 0 in epoch 7 = 0.108444
2018-01-12 20:11 root         INFO    
loss val in batch 41 in training_data 0 in epoch 7 = 0.137989
2018-01-12 20:11 root         INFO    
loss val in batch 42 in training_data 0 in epoch 7 = 0.120919
2018-01-12 20:11 root         INFO    
accuracy in batch 42 in training_data 0 in epoch 7 = 0.108498
2018-01-12 20:11 root         INFO    
loss val in batch 43 in training_data 0 in epoch 7 = 0.120941
2018-01-12 20:11 root         INFO    
loss val in batch 44 in training_data 0 in epoch 7 = 0.139353
2018-01-12 20:11 root         INFO    
accuracy in batch 44 in training_data 0 in epoch 7 = 0.108630
2018-01-12 20:11 root         INFO    
loss val in batch 45 in training_data 0 in epoch 7 = 0.140825
2018-01-12 20:11 root         INFO    
loss val in batch 46 in training_data 0 in epoch 7 = 0.098930
2018-01-12 20:11 root         INFO    
accuracy in batch 46 in training_data 0 in epoch 7 = 0.108589
2018-01-12 20:11 root         INFO    
loss val in batch 47 in training_data 0 in epoch 7 = 0.098979
2018-01-12 20:11 root         INFO    
loss val in batch 48 in training_data 0 in epoch 7 = 0.145405
2018-01-12 20:11 root         INFO    
accuracy in batch 48 in training_data 0 in epoch 7 = 0.108745
2018-01-12 20:11 root         INFO    
loss val in batch 49 in training_data 0 in epoch 7 = 0.143471
2018-01-12 20:11 root         INFO    
loss val in batch 50 in training_data 0 in epoch 7 = 0.040541
2018-01-12 20:11 root         INFO    
accuracy in batch 50 in training_data 0 in epoch 7 = 0.108456
2018-01-12 20:11 root         INFO    
loss val in batch 51 in training_data 0 in epoch 7 = 0.040538
2018-01-12 20:11 root         INFO    
loss val in batch 52 in training_data 0 in epoch 7 = 0.140504
2018-01-12 20:11 root         INFO    
accuracy in batch 52 in training_data 0 in epoch 7 = 0.108592
2018-01-12 20:11 root         INFO    
loss val in batch 53 in training_data 0 in epoch 7 = 0.133967
2018-01-12 20:11 root         INFO    
loss val in batch 54 in training_data 0 in epoch 7 = 0.119783
2018-01-12 20:11 root         INFO    
accuracy in batch 54 in training_data 0 in epoch 7 = 0.108639
2018-01-12 20:11 root         INFO    
loss val in batch 55 in training_data 0 in epoch 7 = 0.119802
2018-01-12 20:12 root         INFO    
loss val in batch 56 in training_data 0 in epoch 7 = 0.074396
2018-01-12 20:12 root         INFO    
accuracy in batch 56 in training_data 0 in epoch 7 = 0.108495
2018-01-12 20:12 root         INFO    
loss val in batch 57 in training_data 0 in epoch 7 = 0.074389
2018-01-12 20:12 root         INFO    
loss val in batch 58 in training_data 0 in epoch 7 = 0.095244
2018-01-12 20:12 root         INFO    
accuracy in batch 58 in training_data 0 in epoch 7 = 0.108440
2018-01-12 20:12 root         INFO    
loss val in batch 59 in training_data 0 in epoch 7 = 0.095264
2018-01-12 20:12 root         INFO    
save the model file fcn in data\wound_model
2018-01-12 20:12 root         INFO    
loss val in batch 0 in training_data 0 in epoch 8 = 0.076066
2018-01-12 20:12 root         INFO    
accuracy in batch 0 in training_data 0 in epoch 8 = 0.108306
2018-01-12 20:12 root         INFO    
loss val in batch 1 in training_data 0 in epoch 8 = 0.076023
2018-01-12 20:12 root         INFO    
loss val in batch 2 in training_data 0 in epoch 8 = 0.052056
2018-01-12 20:12 root         INFO    
accuracy in batch 2 in training_data 0 in epoch 8 = 0.108073
2018-01-12 20:12 root         INFO    
loss val in batch 3 in training_data 0 in epoch 8 = 0.052047
2018-01-12 20:12 root         INFO    
loss val in batch 4 in training_data 0 in epoch 8 = 0.162420
2018-01-12 20:12 root         INFO    
accuracy in batch 4 in training_data 0 in epoch 8 = 0.108297
2018-01-12 20:12 root         INFO    
loss val in batch 5 in training_data 0 in epoch 8 = 0.162382
2018-01-12 20:12 root         INFO    
loss val in batch 6 in training_data 0 in epoch 8 = 0.127907
2018-01-12 20:12 root         INFO    
accuracy in batch 6 in training_data 0 in epoch 8 = 0.108377
2018-01-12 20:12 root         INFO    
loss val in batch 7 in training_data 0 in epoch 8 = 0.127902
2018-01-12 20:12 root         INFO    
loss val in batch 8 in training_data 0 in epoch 8 = 0.066794
2018-01-12 20:12 root         INFO    
accuracy in batch 8 in training_data 0 in epoch 8 = 0.108208
2018-01-12 20:12 root         INFO    
loss val in batch 9 in training_data 0 in epoch 8 = 0.066786
2018-01-12 20:12 root         INFO    
loss val in batch 10 in training_data 0 in epoch 8 = 0.126606
2018-01-12 20:12 root         INFO    
accuracy in batch 10 in training_data 0 in epoch 8 = 0.108282
2018-01-12 20:12 root         INFO    
loss val in batch 11 in training_data 0 in epoch 8 = 0.126602
2018-01-12 20:12 root         INFO    
loss val in batch 12 in training_data 0 in epoch 8 = 0.148085
2018-01-12 20:12 root         INFO    
accuracy in batch 12 in training_data 0 in epoch 8 = 0.108444
2018-01-12 20:12 root         INFO    
loss val in batch 13 in training_data 0 in epoch 8 = 0.148041
2018-01-12 20:12 root         INFO    
loss val in batch 14 in training_data 0 in epoch 8 = 0.045376
2018-01-12 20:12 root         INFO    
accuracy in batch 14 in training_data 0 in epoch 8 = 0.108189
2018-01-12 20:12 root         INFO    
loss val in batch 15 in training_data 0 in epoch 8 = 0.045377
2018-01-12 20:12 root         INFO    
loss val in batch 16 in training_data 0 in epoch 8 = 0.071157
2018-01-12 20:13 root         INFO    
accuracy in batch 16 in training_data 0 in epoch 8 = 0.108041
2018-01-12 20:13 root         INFO    
loss val in batch 17 in training_data 0 in epoch 8 = 0.071165
2018-01-12 20:13 root         INFO    
loss val in batch 18 in training_data 0 in epoch 8 = 0.078582
2018-01-12 20:13 root         INFO    
accuracy in batch 18 in training_data 0 in epoch 8 = 0.107923
2018-01-12 20:13 root         INFO    
loss val in batch 19 in training_data 0 in epoch 8 = 0.078251
2018-01-12 20:13 root         INFO    
loss val in batch 20 in training_data 0 in epoch 8 = 0.109860
2018-01-12 20:13 root         INFO    
accuracy in batch 20 in training_data 0 in epoch 8 = 0.107930
2018-01-12 20:13 root         INFO    
loss val in batch 21 in training_data 0 in epoch 8 = 0.111532
2018-01-12 20:13 root         INFO    
loss val in batch 22 in training_data 0 in epoch 8 = 0.107187
2018-01-12 20:13 root         INFO    
accuracy in batch 22 in training_data 0 in epoch 8 = 0.107928
2018-01-12 20:13 root         INFO    
loss val in batch 23 in training_data 0 in epoch 8 = 0.107302
2018-01-12 20:13 root         INFO    
loss val in batch 24 in training_data 0 in epoch 8 = 0.096507
2018-01-12 20:13 root         INFO    
accuracy in batch 24 in training_data 0 in epoch 8 = 0.107882
2018-01-12 20:13 root         INFO    
loss val in batch 25 in training_data 0 in epoch 8 = 0.096491
2018-01-12 20:13 root         INFO    
loss val in batch 26 in training_data 0 in epoch 8 = 0.124349
2018-01-12 20:13 root         INFO    
accuracy in batch 26 in training_data 0 in epoch 8 = 0.107947
2018-01-12 20:13 root         INFO    
loss val in batch 27 in training_data 0 in epoch 8 = 0.132724
2018-01-12 20:13 root         INFO    
loss val in batch 28 in training_data 0 in epoch 8 = 0.106835
2018-01-12 20:13 root         INFO    
accuracy in batch 28 in training_data 0 in epoch 8 = 0.107943
2018-01-12 20:13 root         INFO    
loss val in batch 29 in training_data 0 in epoch 8 = 0.106866
2018-01-12 20:13 root         INFO    
loss val in batch 30 in training_data 0 in epoch 8 = 0.165117
2018-01-12 20:13 root         INFO    
accuracy in batch 30 in training_data 0 in epoch 8 = 0.108166
2018-01-12 20:13 root         INFO    
loss val in batch 31 in training_data 0 in epoch 8 = 0.164347
2018-01-12 20:13 root         INFO    
loss val in batch 32 in training_data 0 in epoch 8 = 0.154801
2018-01-12 20:13 root         INFO    
accuracy in batch 32 in training_data 0 in epoch 8 = 0.108348
2018-01-12 20:13 root         INFO    
loss val in batch 33 in training_data 0 in epoch 8 = 0.159578
2018-01-12 20:13 root         INFO    
loss val in batch 34 in training_data 0 in epoch 8 = 0.063228
2018-01-12 20:13 root         INFO    
accuracy in batch 34 in training_data 0 in epoch 8 = 0.108173
2018-01-12 20:13 root         INFO    
loss val in batch 35 in training_data 0 in epoch 8 = 0.063244
2018-01-12 20:13 root         INFO    
loss val in batch 36 in training_data 0 in epoch 8 = 0.129414
2018-01-12 20:13 root         INFO    
accuracy in batch 36 in training_data 0 in epoch 8 = 0.108255
2018-01-12 20:13 root         INFO    
loss val in batch 37 in training_data 0 in epoch 8 = 0.129866
2018-01-12 20:14 root         INFO    
loss val in batch 38 in training_data 0 in epoch 8 = 0.129372
2018-01-12 20:14 root         INFO    
accuracy in batch 38 in training_data 0 in epoch 8 = 0.108336
2018-01-12 20:14 root         INFO    
loss val in batch 39 in training_data 0 in epoch 8 = 0.131376
2018-01-12 20:14 root         INFO    
loss val in batch 40 in training_data 0 in epoch 8 = 0.133339
2018-01-12 20:14 root         INFO    
accuracy in batch 40 in training_data 0 in epoch 8 = 0.108432
2018-01-12 20:14 root         INFO    
loss val in batch 41 in training_data 0 in epoch 8 = 0.137989
2018-01-12 20:14 root         INFO    
loss val in batch 42 in training_data 0 in epoch 8 = 0.120919
2018-01-12 20:14 root         INFO    
accuracy in batch 42 in training_data 0 in epoch 8 = 0.108479
2018-01-12 20:14 root         INFO    
loss val in batch 43 in training_data 0 in epoch 8 = 0.120941
2018-01-12 20:14 root         INFO    
loss val in batch 44 in training_data 0 in epoch 8 = 0.139353
2018-01-12 20:14 root         INFO    
accuracy in batch 44 in training_data 0 in epoch 8 = 0.108597
2018-01-12 20:14 root         INFO    
loss val in batch 45 in training_data 0 in epoch 8 = 0.140825
2018-01-12 20:14 root         INFO    
loss val in batch 46 in training_data 0 in epoch 8 = 0.098930
2018-01-12 20:14 root         INFO    
accuracy in batch 46 in training_data 0 in epoch 8 = 0.108560
2018-01-12 20:14 root         INFO    
loss val in batch 47 in training_data 0 in epoch 8 = 0.098979
2018-01-12 20:14 root         INFO    
loss val in batch 48 in training_data 0 in epoch 8 = 0.145405
2018-01-12 20:14 root         INFO    
accuracy in batch 48 in training_data 0 in epoch 8 = 0.108699
2018-01-12 20:14 root         INFO    
loss val in batch 49 in training_data 0 in epoch 8 = 0.143471
2018-01-12 20:14 root         INFO    
loss val in batch 50 in training_data 0 in epoch 8 = 0.040541
2018-01-12 20:14 root         INFO    
accuracy in batch 50 in training_data 0 in epoch 8 = 0.108443
2018-01-12 20:14 root         INFO    
loss val in batch 51 in training_data 0 in epoch 8 = 0.040538
2018-01-12 20:14 root         INFO    
loss val in batch 52 in training_data 0 in epoch 8 = 0.140504
2018-01-12 20:14 root         INFO    
accuracy in batch 52 in training_data 0 in epoch 8 = 0.108563
2018-01-12 20:14 root         INFO    
loss val in batch 53 in training_data 0 in epoch 8 = 0.133967
2018-01-12 20:14 root         INFO    
loss val in batch 54 in training_data 0 in epoch 8 = 0.119783
2018-01-12 20:14 root         INFO    
accuracy in batch 54 in training_data 0 in epoch 8 = 0.108605
2018-01-12 20:14 root         INFO    
loss val in batch 55 in training_data 0 in epoch 8 = 0.119802
2018-01-12 20:14 root         INFO    
loss val in batch 56 in training_data 0 in epoch 8 = 0.074396
2018-01-12 20:14 root         INFO    
accuracy in batch 56 in training_data 0 in epoch 8 = 0.108478
2018-01-12 20:14 root         INFO    
loss val in batch 57 in training_data 0 in epoch 8 = 0.074389
2018-01-12 20:14 root         INFO    
loss val in batch 58 in training_data 0 in epoch 8 = 0.095244
2018-01-12 20:14 root         INFO    
accuracy in batch 58 in training_data 0 in epoch 8 = 0.108429
2018-01-12 20:14 root         INFO    
loss val in batch 59 in training_data 0 in epoch 8 = 0.095264
2018-01-12 20:15 root         INFO    
save the model file fcn in data\wound_model
2018-01-12 20:15 root         INFO    
loss val in batch 0 in training_data 0 in epoch 9 = 0.076066
2018-01-12 20:15 root         INFO    
accuracy in batch 0 in training_data 0 in epoch 9 = 0.108309
2018-01-12 20:15 root         INFO    
loss val in batch 1 in training_data 0 in epoch 9 = 0.076023
2018-01-12 20:15 root         INFO    
loss val in batch 2 in training_data 0 in epoch 9 = 0.052056
2018-01-12 20:15 root         INFO    
accuracy in batch 2 in training_data 0 in epoch 9 = 0.108103
2018-01-12 20:15 root         INFO    
loss val in batch 3 in training_data 0 in epoch 9 = 0.052047
2018-01-12 20:15 root         INFO    
loss val in batch 4 in training_data 0 in epoch 9 = 0.162420
2018-01-12 20:15 root         INFO    
accuracy in batch 4 in training_data 0 in epoch 9 = 0.108302
2018-01-12 20:15 root         INFO    
loss val in batch 5 in training_data 0 in epoch 9 = 0.162382
2018-01-12 20:15 root         INFO    
loss val in batch 6 in training_data 0 in epoch 9 = 0.127907
2018-01-12 20:15 root         INFO    
accuracy in batch 6 in training_data 0 in epoch 9 = 0.108373
2018-01-12 20:15 root         INFO    
loss val in batch 7 in training_data 0 in epoch 9 = 0.127902
2018-01-12 20:15 root         INFO    
loss val in batch 8 in training_data 0 in epoch 9 = 0.066794
2018-01-12 20:15 root         INFO    
accuracy in batch 8 in training_data 0 in epoch 9 = 0.108222
2018-01-12 20:15 root         INFO    
loss val in batch 9 in training_data 0 in epoch 9 = 0.066786
2018-01-12 20:15 root         INFO    
loss val in batch 10 in training_data 0 in epoch 9 = 0.126606
2018-01-12 20:15 root         INFO    
accuracy in batch 10 in training_data 0 in epoch 9 = 0.108288
2018-01-12 20:15 root         INFO    
loss val in batch 11 in training_data 0 in epoch 9 = 0.126602
2018-01-12 20:15 root         INFO    
loss val in batch 12 in training_data 0 in epoch 9 = 0.148085
2018-01-12 20:15 root         INFO    
accuracy in batch 12 in training_data 0 in epoch 9 = 0.108432
2018-01-12 20:15 root         INFO    
loss val in batch 13 in training_data 0 in epoch 9 = 0.148041
2018-01-12 20:15 root         INFO    
loss val in batch 14 in training_data 0 in epoch 9 = 0.045376
2018-01-12 20:15 root         INFO    
accuracy in batch 14 in training_data 0 in epoch 9 = 0.108205
2018-01-12 20:15 root         INFO    
loss val in batch 15 in training_data 0 in epoch 9 = 0.045377
2018-01-12 20:15 root         INFO    
loss val in batch 16 in training_data 0 in epoch 9 = 0.071157
2018-01-12 20:15 root         INFO    
accuracy in batch 16 in training_data 0 in epoch 9 = 0.108073
2018-01-12 20:15 root         INFO    
loss val in batch 17 in training_data 0 in epoch 9 = 0.071165
2018-01-12 20:15 root         INFO    
loss val in batch 18 in training_data 0 in epoch 9 = 0.078582
2018-01-12 20:15 root         INFO    
accuracy in batch 18 in training_data 0 in epoch 9 = 0.107967
2018-01-12 20:15 root         INFO    
loss val in batch 19 in training_data 0 in epoch 9 = 0.078251
2018-01-12 20:16 root         INFO    
loss val in batch 20 in training_data 0 in epoch 9 = 0.109860
2018-01-12 20:16 root         INFO    
accuracy in batch 20 in training_data 0 in epoch 9 = 0.107974
2018-01-12 20:16 root         INFO    
loss val in batch 21 in training_data 0 in epoch 9 = 0.111532
2018-01-12 20:16 root         INFO    
loss val in batch 22 in training_data 0 in epoch 9 = 0.107187
2018-01-12 20:16 root         INFO    
accuracy in batch 22 in training_data 0 in epoch 9 = 0.107971
2018-01-12 20:16 root         INFO    
loss val in batch 23 in training_data 0 in epoch 9 = 0.107302
2018-01-12 20:16 root         INFO    
loss val in batch 24 in training_data 0 in epoch 9 = 0.096507
2018-01-12 20:16 root         INFO    
accuracy in batch 24 in training_data 0 in epoch 9 = 0.107931
2018-01-12 20:16 root         INFO    
loss val in batch 25 in training_data 0 in epoch 9 = 0.096491
2018-01-12 20:16 root         INFO    
loss val in batch 26 in training_data 0 in epoch 9 = 0.124349
2018-01-12 20:16 root         INFO    
accuracy in batch 26 in training_data 0 in epoch 9 = 0.107988
2018-01-12 20:16 root         INFO    
loss val in batch 27 in training_data 0 in epoch 9 = 0.132724
2018-01-12 20:16 root         INFO    
loss val in batch 28 in training_data 0 in epoch 9 = 0.106835
2018-01-12 20:16 root         INFO    
accuracy in batch 28 in training_data 0 in epoch 9 = 0.107984
2018-01-12 20:16 root         INFO    
loss val in batch 29 in training_data 0 in epoch 9 = 0.106866
2018-01-12 20:16 root         INFO    
loss val in batch 30 in training_data 0 in epoch 9 = 0.165117
2018-01-12 20:16 root         INFO    
accuracy in batch 30 in training_data 0 in epoch 9 = 0.108184
2018-01-12 20:16 root         INFO    
loss val in batch 31 in training_data 0 in epoch 9 = 0.164347
2018-01-12 20:16 root         INFO    
loss val in batch 32 in training_data 0 in epoch 9 = 0.154801
2018-01-12 20:16 root         INFO    
accuracy in batch 32 in training_data 0 in epoch 9 = 0.108347
2018-01-12 20:16 root         INFO    
loss val in batch 33 in training_data 0 in epoch 9 = 0.159578
2018-01-12 20:16 root         INFO    
loss val in batch 34 in training_data 0 in epoch 9 = 0.063228
2018-01-12 20:16 root         INFO    
accuracy in batch 34 in training_data 0 in epoch 9 = 0.108190
2018-01-12 20:16 root         INFO    
loss val in batch 35 in training_data 0 in epoch 9 = 0.063244
2018-01-12 20:16 root         INFO    
loss val in batch 36 in training_data 0 in epoch 9 = 0.129414
2018-01-12 20:16 root         INFO    
accuracy in batch 36 in training_data 0 in epoch 9 = 0.108263
2018-01-12 20:16 root         INFO    
loss val in batch 37 in training_data 0 in epoch 9 = 0.129866
2018-01-12 20:16 root         INFO    
loss val in batch 38 in training_data 0 in epoch 9 = 0.129372
2018-01-12 20:16 root         INFO    
accuracy in batch 38 in training_data 0 in epoch 9 = 0.108336
2018-01-12 20:16 root         INFO    
loss val in batch 39 in training_data 0 in epoch 9 = 0.131376
2018-01-12 20:16 root         INFO    
loss val in batch 40 in training_data 0 in epoch 9 = 0.133339
2018-01-12 20:16 root         INFO    
accuracy in batch 40 in training_data 0 in epoch 9 = 0.108422
2018-01-12 20:16 root         INFO    
loss val in batch 41 in training_data 0 in epoch 9 = 0.137989
2018-01-12 20:17 root         INFO    
loss val in batch 42 in training_data 0 in epoch 9 = 0.120919
2018-01-12 20:17 root         INFO    
accuracy in batch 42 in training_data 0 in epoch 9 = 0.108465
2018-01-12 20:17 root         INFO    
loss val in batch 43 in training_data 0 in epoch 9 = 0.120941
2018-01-12 20:17 root         INFO    
loss val in batch 44 in training_data 0 in epoch 9 = 0.139353
2018-01-12 20:17 root         INFO    
accuracy in batch 44 in training_data 0 in epoch 9 = 0.108570
2018-01-12 20:17 root         INFO    
loss val in batch 45 in training_data 0 in epoch 9 = 0.140825
2018-01-12 20:17 root         INFO    
loss val in batch 46 in training_data 0 in epoch 9 = 0.098930
2018-01-12 20:17 root         INFO    
accuracy in batch 46 in training_data 0 in epoch 9 = 0.108538
2018-01-12 20:17 root         INFO    
loss val in batch 47 in training_data 0 in epoch 9 = 0.098979
2018-01-12 20:17 root         INFO    
loss val in batch 48 in training_data 0 in epoch 9 = 0.145405
2018-01-12 20:17 root         INFO    
accuracy in batch 48 in training_data 0 in epoch 9 = 0.108663
2018-01-12 20:17 root         INFO    
loss val in batch 49 in training_data 0 in epoch 9 = 0.143471
2018-01-12 20:17 root         INFO    
loss val in batch 50 in training_data 0 in epoch 9 = 0.040541
2018-01-12 20:17 root         INFO    
accuracy in batch 50 in training_data 0 in epoch 9 = 0.108432
2018-01-12 20:17 root         INFO    
loss val in batch 51 in training_data 0 in epoch 9 = 0.040538
2018-01-12 20:17 root         INFO    
loss val in batch 52 in training_data 0 in epoch 9 = 0.140504
2018-01-12 20:17 root         INFO    
accuracy in batch 52 in training_data 0 in epoch 9 = 0.108540
2018-01-12 20:17 root         INFO    
loss val in batch 53 in training_data 0 in epoch 9 = 0.133967
2018-01-12 20:17 root         INFO    
loss val in batch 54 in training_data 0 in epoch 9 = 0.119783
2018-01-12 20:17 root         INFO    
accuracy in batch 54 in training_data 0 in epoch 9 = 0.108578
2018-01-12 20:17 root         INFO    
loss val in batch 55 in training_data 0 in epoch 9 = 0.119802
2018-01-12 20:17 root         INFO    
loss val in batch 56 in training_data 0 in epoch 9 = 0.074396
2018-01-12 20:17 root         INFO    
accuracy in batch 56 in training_data 0 in epoch 9 = 0.108464
2018-01-12 20:17 root         INFO    
loss val in batch 57 in training_data 0 in epoch 9 = 0.074389
2018-01-12 20:17 root         INFO    
loss val in batch 58 in training_data 0 in epoch 9 = 0.095244
2018-01-12 20:17 root         INFO    
accuracy in batch 58 in training_data 0 in epoch 9 = 0.108420
2018-01-12 20:17 root         INFO    
loss val in batch 59 in training_data 0 in epoch 9 = 0.095264
2018-01-12 20:17 root         INFO    
save the model file fcn in data\wound_model
2018-01-12 20:17 root         INFO    
training has done
2018-01-12 20:17 root         INFO    
training time = 1721.7116866111755
